<?xml version="1.0" encoding="UTF-8"?>
<testsuites name="1-1 Order Test Suite" time="28" tests="3" failures="0" errors="0">
   <testsuite name="1-1 Order Test Suite" tests="3" failures="0" errors="0" time="28" timestamp="2019-05-14 14:55:38" hostname="KennyIC_Chen - KennyIC_Chen.compal.com" id="Test Suites/1-1 Order Test Suite">
      <properties>
         <property name="deviceName" value=""/>
         <property name="devicePlatform" value=""/>
         <property name="logFolder" value="C:\\Users\\KennyIC_chen.COMPAL\\git\\PSItest\\Reports\\1-1 Order Test Suite\\20190514_145536"/>
         <property name="logFiles" value="C:\\Users\\KennyIC_chen.COMPAL\\git\\PSItest\\Reports\\1-1 Order Test Suite\\20190514_145536\\execution0.log"/>
         <property name="attachments" value=""/>
         <property name="hostName" value="KennyIC_Chen - KennyIC_Chen.compal.com"/>
         <property name="os" value="Windows 10 64bit"/>
         <property name="katalonVersion" value="5.10.1.1"/>
         <property name="browser" value="Chrome 73.0.3683.103"/>
         <property name="hostAddress" value="10.109.102.148"/>
         <property name="sessionId" value="51b1dceb267531f76d24a233fc6dbc8b"/>
         <property name="seleniumVersion" value="3.7.1"/>
         <property name="proxyInformation" value="ProxyInformation{proxyOption=NO_PROXY, proxyServerType=HTTP, password=, proxyServerAddress=, proxyServerPort=0}"/>
         <property name="platform" value="Windows 10"/>
      </properties>
      <testcase name="Test Cases/Others/Login" classname="Test Cases/Others/Login" status="PASSED">
         <system-out><![CDATA[2019-05-14 14:55:38 - [TEST_CASE][PASSED] - Test Cases/Others/Login: Test Cases/Others/Login

2019-05-14 14:55:39 - [TEST_STEP][PASSED] - openBrowser(""): Browser is opened with url: ''

2019-05-14 14:55:39 - [MESSAGE][INFO] - Starting 'Chrome' driver

2019-05-14 14:55:39 - [MESSAGE][INFO] - Action delay is set to 0 seconds

2019-05-14 14:55:47 - [MESSAGE][PASSED] - Browser is opened with url: ''

2019-05-14 14:55:47 - [TEST_STEP][PASSED] - navigateToUrl("https://psi-azcldap.unicore.com.tw/login"): Navigate to 'https://psi-azcldap.unicore.com.tw/login' successfully

2019-05-14 14:55:54 - [MESSAGE][PASSED] - Navigate to 'https://psi-azcldap.unicore.com.tw/login' successfully

2019-05-14 14:55:54 - [TEST_STEP][PASSED] - maximizeWindow(): Current window maximized

2019-05-14 14:55:55 - [MESSAGE][PASSED] - Current window maximized

2019-05-14 14:55:55 - [TEST_STEP][PASSED] - setText(findTestObject("Others/Login/ID-QWE"), "QWE"): Text 'QWE' is set on object 'Object Repository/Others/Login/ID-QWE'

2019-05-14 14:55:55 - [MESSAGE][PASSED] - Text 'QWE' is set on object 'Object Repository/Others/Login/ID-QWE'

2019-05-14 14:55:55 - [TEST_STEP][PASSED] - setEncryptedText(findTestObject("Others/Login/PW-QWE"), "5opu+sh6ATw="): Text ****** has been set on object 'Object Repository/Others/Login/PW-QWE'

2019-05-14 14:55:55 - [MESSAGE][PASSED] - Text ****** has been set on object 'Object Repository/Others/Login/PW-QWE'

2019-05-14 14:55:55 - [TEST_STEP][PASSED] - click(findTestObject("Others/Login/Login Button")): Object: 'Object Repository/Others/Login/Login Button' is clicked on

2019-05-14 14:55:55 - [MESSAGE][PASSED] - Object: 'Object Repository/Others/Login/Login Button' is clicked on

2019-05-14 14:55:55 - [TEST_STEP][PASSED] - verifyElementClickable(findTestObject("Others/Login/Verify button")): Object 'Object Repository/Others/Login/Verify button' is clickable

2019-05-14 14:55:56 - [MESSAGE][PASSED] - Object 'Object Repository/Others/Login/Verify button' is clickable]]></system-out>
         <system-err><![CDATA[]]></system-err>
      </testcase>
      <testcase name="Test Cases/1-1 Order-Add - Copy" classname="Test Cases/1-1 Order-Add - Copy" status="PASSED">
         <system-out><![CDATA[2019-05-14 14:55:56 - [TEST_CASE][PASSED] - Test Cases/1-1 Order-Add - Copy: Test Cases/1-1 Order-Add - Copy

2019-05-14 14:55:56 - [TEST_STEP][PASSED] - vark = "aaa": null

2019-05-14 14:55:56 - [TEST_STEP][PASSED] - click(findTestObject("1-1 Order/New button")): Object: 'Object Repository/1-1 Order/New button' is clicked on

2019-05-14 14:55:56 - [MESSAGE][PASSED] - Object: 'Object Repository/1-1 Order/New button' is clicked on

2019-05-14 14:55:56 - [TEST_STEP][PASSED] - click(findTestObject("1-1 Order/Order button")): Object: 'Object Repository/1-1 Order/Order button' is clicked on

2019-05-14 14:55:57 - [MESSAGE][PASSED] - Object: 'Object Repository/1-1 Order/Order button' is clicked on

2019-05-14 14:55:57 - [TEST_STEP][PASSED] - delay(3): Delayed 3 second(s)

2019-05-14 14:56:00 - [MESSAGE][PASSED] - Delayed 3 second(s)

2019-05-14 14:56:00 - [TEST_STEP][PASSED] - setText(findTestObject("1-1 Order/Note"), Invoice_number): Text 'AB-12345678' is set on object 'Object Repository/1-1 Order/Note'

2019-05-14 14:56:00 - [MESSAGE][PASSED] - Text 'AB-12345678' is set on object 'Object Repository/1-1 Order/Note'

2019-05-14 14:56:00 - [TEST_STEP][PASSED] - Invoice_number = "abc" + vark: null]]></system-out>
         <system-err><![CDATA[]]></system-err>
      </testcase>
      <testcase name="Test Cases/New Test Case" classname="Test Cases/New Test Case" status="PASSED">
         <system-out><![CDATA[2019-05-14 14:56:00 - [TEST_CASE][PASSED] - Test Cases/New Test Case: Test Cases/New Test Case

2019-05-14 14:56:00 - [TEST_STEP][PASSED] - delay(3): Delayed 3 second(s)

2019-05-14 14:56:03 - [MESSAGE][PASSED] - Delayed 3 second(s)

2019-05-14 14:56:03 - [TEST_STEP][PASSED] - setText(findTestObject("1-1 Order/Note"), Invoice_number): Text 'abcaaa' is set on object 'Object Repository/1-1 Order/Note'

2019-05-14 14:56:03 - [MESSAGE][PASSED] - Text 'abcaaa' is set on object 'Object Repository/1-1 Order/Note'

2019-05-14 14:56:03 - [TEST_STEP][PASSED] - delay(3): Delayed 3 second(s)

2019-05-14 14:56:06 - [MESSAGE][PASSED] - Delayed 3 second(s)]]></system-out>
         <system-err><![CDATA[]]></system-err>
      </testcase>
      <system-out><![CDATA[2019-05-14 14:55:38 - [TEST_SUITE][PASSED] - 1-1 Order Test Suite: Test Cases/New Test Case]]></system-out>
      <system-err><![CDATA[]]></system-err>
   </testsuite>
</testsuites>
