<?xml version="1.0" encoding="UTF-8"?>
<testsuites name="1-1 Order Test Suite" time="25" tests="3" failures="1" errors="0">
   <testsuite name="1-1 Order Test Suite" tests="3" failures="1" errors="0" time="25" timestamp="2019-05-14 17:21:46" hostname="KennyIC_Chen - KennyIC_Chen.compal.com" id="Test Suites/1-1 Order Test Suite">
      <properties>
         <property name="deviceName" value=""/>
         <property name="devicePlatform" value=""/>
         <property name="logFolder" value="C:\\Users\\KennyIC_chen.COMPAL\\git\\PSItest\\Reports\\1-1 Order Test Suite\\20190514_172144"/>
         <property name="logFiles" value="C:\\Users\\KennyIC_chen.COMPAL\\git\\PSItest\\Reports\\1-1 Order Test Suite\\20190514_172144\\execution0.log"/>
         <property name="attachments" value=""/>
         <property name="hostName" value="KennyIC_Chen - KennyIC_Chen.compal.com"/>
         <property name="os" value="Windows 10 64bit"/>
         <property name="katalonVersion" value="5.10.1.1"/>
         <property name="browser" value="Chrome 73.0.3683.103"/>
         <property name="hostAddress" value="10.109.98.148"/>
         <property name="sessionId" value="8d39e26801d62e53be337d7ed6ef388f"/>
         <property name="seleniumVersion" value="3.7.1"/>
         <property name="proxyInformation" value="ProxyInformation{proxyOption=NO_PROXY, proxyServerType=HTTP, password=, proxyServerAddress=, proxyServerPort=0}"/>
         <property name="platform" value="Windows 10"/>
      </properties>
      <testcase name="Test Cases/Others/Login" classname="Test Cases/Others/Login" status="PASSED">
         <system-out><![CDATA[2019-05-14 17:21:46 - [TEST_CASE][PASSED] - Test Cases/Others/Login: Test Cases/Others/Login

2019-05-14 17:21:46 - [TEST_STEP][PASSED] - openBrowser(""): Browser is opened with url: ''

2019-05-14 17:21:47 - [MESSAGE][INFO] - Starting 'Chrome' driver

2019-05-14 17:21:47 - [MESSAGE][INFO] - Action delay is set to 0 seconds

2019-05-14 17:21:52 - [MESSAGE][PASSED] - Browser is opened with url: ''

2019-05-14 17:21:52 - [TEST_STEP][PASSED] - navigateToUrl("https://psi-azcldap.unicore.com.tw/login"): Navigate to 'https://psi-azcldap.unicore.com.tw/login' successfully

2019-05-14 17:21:55 - [MESSAGE][PASSED] - Navigate to 'https://psi-azcldap.unicore.com.tw/login' successfully

2019-05-14 17:21:55 - [TEST_STEP][PASSED] - maximizeWindow(): Current window maximized

2019-05-14 17:21:57 - [MESSAGE][PASSED] - Current window maximized

2019-05-14 17:21:57 - [TEST_STEP][PASSED] - setText(findTestObject("Others/Login/ID-QWE"), "QWE"): Text 'QWE' is set on object 'Object Repository/Others/Login/ID-QWE'

2019-05-14 17:21:57 - [MESSAGE][PASSED] - Text 'QWE' is set on object 'Object Repository/Others/Login/ID-QWE'

2019-05-14 17:21:57 - [TEST_STEP][PASSED] - setEncryptedText(findTestObject("Others/Login/PW-QWE"), "5opu+sh6ATw="): Text ****** has been set on object 'Object Repository/Others/Login/PW-QWE'

2019-05-14 17:21:57 - [MESSAGE][PASSED] - Text ****** has been set on object 'Object Repository/Others/Login/PW-QWE'

2019-05-14 17:21:57 - [TEST_STEP][PASSED] - click(findTestObject("Others/Login/Login Button")): Object: 'Object Repository/Others/Login/Login Button' is clicked on

2019-05-14 17:21:57 - [MESSAGE][PASSED] - Object: 'Object Repository/Others/Login/Login Button' is clicked on

2019-05-14 17:21:57 - [TEST_STEP][PASSED] - verifyElementClickable(findTestObject("Others/Login/Verify button")): Object 'Object Repository/Others/Login/Verify button' is clickable

2019-05-14 17:21:58 - [MESSAGE][PASSED] - Object 'Object Repository/Others/Login/Verify button' is clickable]]></system-out>
         <system-err><![CDATA[]]></system-err>
      </testcase>
      <testcase name="Test Cases/1-1 Order-Add" classname="Test Cases/1-1 Order-Add" status="PASSED">
         <system-out><![CDATA[2019-05-14 17:21:58 - [TEST_CASE][PASSED] - Test Cases/1-1 Order-Add: Test Cases/1-1 Order-Add

2019-05-14 17:21:58 - [TEST_STEP][PASSED] - click(findTestObject("1-1 Order/Add/New button")): Object: 'Object Repository/1-1 Order/Add/New button' is clicked on

2019-05-14 17:21:58 - [MESSAGE][PASSED] - Object: 'Object Repository/1-1 Order/Add/New button' is clicked on

2019-05-14 17:21:58 - [TEST_STEP][PASSED] - click(findTestObject("1-1 Order/Add/Order button")): Object: 'Object Repository/1-1 Order/Add/Order button' is clicked on

2019-05-14 17:21:58 - [MESSAGE][PASSED] - Object: 'Object Repository/1-1 Order/Add/Order button' is clicked on

2019-05-14 17:21:58 - [TEST_STEP][PASSED] - click(findTestObject("1-1 Order/Add/Vendor button")): Object: 'Object Repository/1-1 Order/Add/Vendor button' is clicked on

2019-05-14 17:21:58 - [MESSAGE][PASSED] - Object: 'Object Repository/1-1 Order/Add/Vendor button' is clicked on

2019-05-14 17:21:58 - [TEST_STEP][PASSED] - click(findTestObject("1-1 Order/Add/Vendor 2324")): Object: 'Object Repository/1-1 Order/Add/Vendor 2324' is clicked on

2019-05-14 17:21:59 - [MESSAGE][PASSED] - Object: 'Object Repository/1-1 Order/Add/Vendor 2324' is clicked on

2019-05-14 17:21:59 - [TEST_STEP][PASSED] - click(findTestObject("1-1 Order/Add/Employee button")): Object: 'Object Repository/1-1 Order/Add/Employee button' is clicked on

2019-05-14 17:21:59 - [MESSAGE][PASSED] - Object: 'Object Repository/1-1 Order/Add/Employee button' is clicked on

2019-05-14 17:21:59 - [TEST_STEP][PASSED] - click(findTestObject("1-1 Order/Add/Emplyee Larry")): Object: 'Object Repository/1-1 Order/Add/Emplyee Larry' is clicked on

2019-05-14 17:21:59 - [MESSAGE][PASSED] - Object: 'Object Repository/1-1 Order/Add/Emplyee Larry' is clicked on

2019-05-14 17:21:59 - [TEST_STEP][PASSED] - click(findTestObject("1-1 Order/Add/Ship button")): Object: 'Object Repository/1-1 Order/Add/Ship button' is clicked on

2019-05-14 17:21:59 - [MESSAGE][PASSED] - Object: 'Object Repository/1-1 Order/Add/Ship button' is clicked on

2019-05-14 17:21:59 - [TEST_STEP][PASSED] - click(findTestObject("1-1 Order/Add/Ship 1")): Object: 'Object Repository/1-1 Order/Add/Ship 1' is clicked on

2019-05-14 17:22:00 - [MESSAGE][PASSED] - Object: 'Object Repository/1-1 Order/Add/Ship 1' is clicked on

2019-05-14 17:22:00 - [TEST_STEP][PASSED] - click(findTestObject("1-1 Order/Add/TAX select")): Object: 'Object Repository/1-1 Order/Add/TAX select' is clicked on

2019-05-14 17:22:00 - [MESSAGE][PASSED] - Object: 'Object Repository/1-1 Order/Add/TAX select' is clicked on

2019-05-14 17:22:00 - [TEST_STEP][PASSED] - selectOptionByValue(findTestObject("1-1 Order/Add/TAX1"), "0: 1", true): All options with value '0: 1' are selected in object 'Object Repository/1-1 Order/Add/TAX1'  using regular expression

2019-05-14 17:22:00 - [MESSAGE][PASSED] - All options with value '0: 1' are selected in object 'Object Repository/1-1 Order/Add/TAX1'  using regular expression

2019-05-14 17:22:00 - [TEST_STEP][PASSED] - setText(findTestObject("1-1 Order/Add/Note"), time()): null

2019-05-14 17:22:00 - [TEST_STEP][PASSED] - date = new java.util.Date(): null

2019-05-14 17:22:00 - [TEST_STEP][PASSED] - sdf = new java.text.SimpleDateFormat(yyyyMMddHHmm): null

2019-05-14 17:22:00 - [TEST_STEP][PASSED] - Time = Note + sdf.format(date): null

2019-05-14 17:22:00 - [TEST_STEP][PASSED] - return internal.GlobalVariable.Time: Text 'Testing201905141722' is set on object 'Object Repository/1-1 Order/Add/Note'

2019-05-14 17:22:01 - [MESSAGE][PASSED] - Text 'Testing201905141722' is set on object 'Object Repository/1-1 Order/Add/Note'

2019-05-14 17:22:01 - [TEST_STEP][PASSED] - click(findTestObject("1-1 Order/Add/Add item")): Object: 'Object Repository/1-1 Order/Add/Add item' is clicked on

2019-05-14 17:22:01 - [MESSAGE][PASSED] - Object: 'Object Repository/1-1 Order/Add/Add item' is clicked on

2019-05-14 17:22:01 - [TEST_STEP][PASSED] - click(findTestObject("1-1 Order/Add/Item IPAD")): Object: 'Object Repository/1-1 Order/Add/Item IPAD' is clicked on

2019-05-14 17:22:01 - [MESSAGE][PASSED] - Object: 'Object Repository/1-1 Order/Add/Item IPAD' is clicked on

2019-05-14 17:22:01 - [TEST_STEP][PASSED] - click(findTestObject("1-1 Order/Add/Unit button")): Object: 'Object Repository/1-1 Order/Add/Unit button' is clicked on

2019-05-14 17:22:01 - [MESSAGE][PASSED] - Object: 'Object Repository/1-1 Order/Add/Unit button' is clicked on

2019-05-14 17:22:01 - [TEST_STEP][PASSED] - click(findTestObject("1-1 Order/Add/Unit Change")): Object: 'Object Repository/1-1 Order/Add/Unit Change' is clicked on

2019-05-14 17:22:02 - [MESSAGE][PASSED] - Object: 'Object Repository/1-1 Order/Add/Unit Change' is clicked on

2019-05-14 17:22:02 - [TEST_STEP][PASSED] - setText(findTestObject("1-1 Order/Add/Qty"), "10"): Text '10' is set on object 'Object Repository/1-1 Order/Add/Qty'

2019-05-14 17:22:02 - [MESSAGE][PASSED] - Text '10' is set on object 'Object Repository/1-1 Order/Add/Qty'

2019-05-14 17:22:02 - [TEST_STEP][PASSED] - setText(findTestObject("1-1 Order/Add/Price"), "200"): Text '200' is set on object 'Object Repository/1-1 Order/Add/Price'

2019-05-14 17:22:02 - [MESSAGE][PASSED] - Text '200' is set on object 'Object Repository/1-1 Order/Add/Price'

2019-05-14 17:22:02 - [TEST_STEP][PASSED] - setText(findTestObject("1-1 Order/Add/Total Price"), "2000"): Text '2000' is set on object 'Object Repository/1-1 Order/Add/Total Price'

2019-05-14 17:22:02 - [MESSAGE][PASSED] - Text '2000' is set on object 'Object Repository/1-1 Order/Add/Total Price'

2019-05-14 17:22:02 - [TEST_STEP][PASSED] - click(findTestObject("1-1 Order/Add/Save")): Object: 'Object Repository/1-1 Order/Add/Save' is clicked on

2019-05-14 17:22:02 - [MESSAGE][PASSED] - Object: 'Object Repository/1-1 Order/Add/Save' is clicked on

2019-05-14 17:22:02 - [TEST_STEP][PASSED] - delay(1): Delayed 1 second(s)

2019-05-14 17:22:03 - [MESSAGE][PASSED] - Delayed 1 second(s)

2019-05-14 17:22:03 - [TEST_STEP][NOT_RUN] - acceptAlert(): NOT_RUN: acceptAlert()

2019-05-14 17:22:03 - [MESSAGE][NOT_RUN] - NOT_RUN: acceptAlert()

2019-05-14 17:22:03 - [TEST_STEP][NOT_RUN] - verifyElementClickable(findTestObject("1-1 Order/Add/Order button")): NOT_RUN: verifyElementClickable(findTestObject("1-1 Order/Add/Order button"))

2019-05-14 17:22:03 - [MESSAGE][NOT_RUN] - NOT_RUN: verifyElementClickable(findTestObject("1-1 Order/Add/Order button"))]]></system-out>
         <system-err><![CDATA[]]></system-err>
      </testcase>
      <testcase name="Test Cases/Others/Accept and verify" classname="Test Cases/Others/Accept and verify" status="PASSED">
         <system-out><![CDATA[2019-05-14 17:22:03 - [TEST_CASE][PASSED] - Test Cases/Others/Accept and verify: Test Cases/Others/Accept and verify

2019-05-14 17:22:04 - [TEST_STEP][PASSED] - delay(3): Delayed 3 second(s)

2019-05-14 17:22:07 - [MESSAGE][PASSED] - Delayed 3 second(s)

2019-05-14 17:22:07 - [TEST_STEP][PASSED] - waitForAlert(5): Alert is present after 5 second(s).

2019-05-14 17:22:07 - [MESSAGE][PASSED] - Alert is present after 5 second(s).

2019-05-14 17:22:07 - [TEST_STEP][PASSED] - acceptAlert(): Alert accepted

2019-05-14 17:22:07 - [MESSAGE][PASSED] - Alert accepted

2019-05-14 17:22:07 - [TEST_STEP][PASSED] - verifyElementClickable(findTestObject("Others/Accept and verify/Verify button")): Object 'Object Repository/Others/Accept and verify/Verify button' is clickable

2019-05-14 17:22:07 - [MESSAGE][PASSED] - Object 'Object Repository/Others/Accept and verify/Verify button' is clickable]]></system-out>
         <system-err><![CDATA[]]></system-err>
      </testcase>
      <testcase name="Test Cases/1-1 Order-Edit" classname="Test Cases/1-1 Order-Edit" status="FAILED">
         <failure type="FAILED" message="Test Cases/1-1 Order-Edit FAILED.
Reason:
com.kms.katalon.core.exception.StepFailedException: Unable to click on object 'Object Repository/1-1 Order/Edit/Add item button' (Root cause: org.openqa.selenium.UnhandledAlertException: unexpected alert open: {Alert text : 請選擇一筆資料}
  (Session info: chrome=73.0.3683.103)
  (Driver info: chromedriver=2.43.600210 (68dcf5eebde37173d4027fa8635e332711d2874a),platform=Windows NT 10.0.15063 x86_64) (WARNING: The server did not provide any stacktrace information)
Command duration or timeout: 0 milliseconds: null
Build info: version: '3.7.1', revision: '8a0099a', time: '2017-11-06T21:07:36.161Z'
System info: host: 'KENNYIC_CHEN', ip: '10.109.98.148', os.name: 'Windows 10', os.arch: 'amd64', os.version: '10.0', java.version: '1.8.0_181'
Driver info: com.kms.katalon.selenium.driver.CChromeDriver
Capabilities {acceptInsecureCerts: false, acceptSslCerts: false, applicationCacheEnabled: false, browserConnectionEnabled: false, browserName: chrome, chrome: {chromedriverVersion: 2.43.600210 (68dcf5eebde371..., userDataDir: C:\Users\KENNYI~1.COM\AppDa...}, cssSelectorsEnabled: true, databaseEnabled: false, goog:chromeOptions: {debuggerAddress: localhost:54122}, handlesAlerts: true, hasTouchScreen: false, javascriptEnabled: true, locationContextEnabled: true, mobileEmulationEnabled: false, nativeEvents: true, networkConnectionEnabled: false, pageLoadStrategy: normal, platform: XP, platformName: XP, rotatable: false, setWindowRect: true, takesHeapSnapshot: true, takesScreenshot: true, unexpectedAlertBehaviour: , unhandledPromptBehavior: , version: 73.0.3683.103, webStorageEnabled: true}
Session ID: 8d39e26801d62e53be337d7ed6ef388f
*** Element info: {Using=xpath, value=//button[(text() = ' 新增' or . = ' 新增')]})
	at com.kms.katalon.core.keyword.internal.KeywordMain.stepFailed(KeywordMain.groovy:36)
	at com.kms.katalon.core.webui.keyword.internal.WebUIKeywordMain.stepFailed(WebUIKeywordMain.groovy:65)
	at com.kms.katalon.core.webui.keyword.internal.WebUIKeywordMain.runKeyword(WebUIKeywordMain.groovy:27)
	at com.kms.katalon.core.webui.keyword.builtin.ClickKeyword.click(ClickKeyword.groovy:86)
	at com.kms.katalon.core.webui.keyword.builtin.ClickKeyword.execute(ClickKeyword.groovy:67)
	at com.kms.katalon.core.keyword.internal.KeywordExecutor.executeKeywordForPlatform(KeywordExecutor.groovy:53)
	at com.kms.katalon.core.webui.keyword.WebUiBuiltInKeywords.click(WebUiBuiltInKeywords.groovy:616)
	at com.kms.katalon.core.webui.keyword.WebUiBuiltInKeywords$click$4.call(Unknown Source)
	at 1-1 Order-Edit.run(1-1 Order-Edit:39)
	at com.kms.katalon.core.main.ScriptEngine.run(ScriptEngine.java:194)
	at com.kms.katalon.core.main.ScriptEngine.runScriptAsRawText(ScriptEngine.java:119)
	at com.kms.katalon.core.main.TestCaseExecutor.runScript(TestCaseExecutor.java:328)
	at com.kms.katalon.core.main.TestCaseExecutor.doExecute(TestCaseExecutor.java:319)
	at com.kms.katalon.core.main.TestCaseExecutor.processExecutionPhase(TestCaseExecutor.java:298)
	at com.kms.katalon.core.main.TestCaseExecutor.accessMainPhase(TestCaseExecutor.java:290)
	at com.kms.katalon.core.main.TestCaseExecutor.execute(TestCaseExecutor.java:224)
	at com.kms.katalon.core.main.TestSuiteExecutor.accessTestCaseMainPhase(TestSuiteExecutor.java:129)
	at com.kms.katalon.core.main.TestSuiteExecutor.accessTestSuiteMainPhase(TestSuiteExecutor.java:112)
	at com.kms.katalon.core.main.TestSuiteExecutor.execute(TestSuiteExecutor.java:81)
	at com.kms.katalon.core.main.TestCaseMain.startTestSuite(TestCaseMain.java:149)
	at com.kms.katalon.core.main.TestCaseMain$startTestSuite$0.call(Unknown Source)
	at TempTestSuite1557825704538.run(TempTestSuite1557825704538.groovy:36)
"/>
         <system-out><![CDATA[2019-05-14 17:22:07 - [TEST_CASE][FAILED] - Test Cases/1-1 Order-Edit: Test Cases/1-1 Order-Edit FAILED.
Reason:
com.kms.katalon.core.exception.StepFailedException: Unable to click on object 'Object Repository/1-1 Order/Edit/Add item button' (Root cause: org.openqa.selenium.UnhandledAlertException: unexpected alert open: {Alert text : 請選擇一筆資料}
  (Session info: chrome=73.0.3683.103)
  (Driver info: chromedriver=2.43.600210 (68dcf5eebde37173d4027fa8635e332711d2874a),platform=Windows NT 10.0.15063 x86_64) (WARNING: The server did not provide any stacktrace information)
Command duration or timeout: 0 milliseconds: null
Build info: version: '3.7.1', revision: '8a0099a', time: '2017-11-06T21:07:36.161Z'
System info: host: 'KENNYIC_CHEN', ip: '10.109.98.148', os.name: 'Windows 10', os.arch: 'amd64', os.version: '10.0', java.version: '1.8.0_181'
Driver info: com.kms.katalon.selenium.driver.CChromeDriver
Capabilities {acceptInsecureCerts: false, acceptSslCerts: false, applicationCacheEnabled: false, browserConnectionEnabled: false, browserName: chrome, chrome: {chromedriverVersion: 2.43.600210 (68dcf5eebde371..., userDataDir: C:\Users\KENNYI~1.COM\AppDa...}, cssSelectorsEnabled: true, databaseEnabled: false, goog:chromeOptions: {debuggerAddress: localhost:54122}, handlesAlerts: true, hasTouchScreen: false, javascriptEnabled: true, locationContextEnabled: true, mobileEmulationEnabled: false, nativeEvents: true, networkConnectionEnabled: false, pageLoadStrategy: normal, platform: XP, platformName: XP, rotatable: false, setWindowRect: true, takesHeapSnapshot: true, takesScreenshot: true, unexpectedAlertBehaviour: , unhandledPromptBehavior: , version: 73.0.3683.103, webStorageEnabled: true}
Session ID: 8d39e26801d62e53be337d7ed6ef388f
*** Element info: {Using=xpath, value=//button[(text() = ' 新增' or . = ' 新增')]})
	at com.kms.katalon.core.keyword.internal.KeywordMain.stepFailed(KeywordMain.groovy:36)
	at com.kms.katalon.core.webui.keyword.internal.WebUIKeywordMain.stepFailed(WebUIKeywordMain.groovy:65)
	at com.kms.katalon.core.webui.keyword.internal.WebUIKeywordMain.runKeyword(WebUIKeywordMain.groovy:27)
	at com.kms.katalon.core.webui.keyword.builtin.ClickKeyword.click(ClickKeyword.groovy:86)
	at com.kms.katalon.core.webui.keyword.builtin.ClickKeyword.execute(ClickKeyword.groovy:67)
	at com.kms.katalon.core.keyword.internal.KeywordExecutor.executeKeywordForPlatform(KeywordExecutor.groovy:53)
	at com.kms.katalon.core.webui.keyword.WebUiBuiltInKeywords.click(WebUiBuiltInKeywords.groovy:616)
	at com.kms.katalon.core.webui.keyword.WebUiBuiltInKeywords$click$4.call(Unknown Source)
	at 1-1 Order-Edit.run(1-1 Order-Edit:39)
	at com.kms.katalon.core.main.ScriptEngine.run(ScriptEngine.java:194)
	at com.kms.katalon.core.main.ScriptEngine.runScriptAsRawText(ScriptEngine.java:119)
	at com.kms.katalon.core.main.TestCaseExecutor.runScript(TestCaseExecutor.java:328)
	at com.kms.katalon.core.main.TestCaseExecutor.doExecute(TestCaseExecutor.java:319)
	at com.kms.katalon.core.main.TestCaseExecutor.processExecutionPhase(TestCaseExecutor.java:298)
	at com.kms.katalon.core.main.TestCaseExecutor.accessMainPhase(TestCaseExecutor.java:290)
	at com.kms.katalon.core.main.TestCaseExecutor.execute(TestCaseExecutor.java:224)
	at com.kms.katalon.core.main.TestSuiteExecutor.accessTestCaseMainPhase(TestSuiteExecutor.java:129)
	at com.kms.katalon.core.main.TestSuiteExecutor.accessTestSuiteMainPhase(TestSuiteExecutor.java:112)
	at com.kms.katalon.core.main.TestSuiteExecutor.execute(TestSuiteExecutor.java:81)
	at com.kms.katalon.core.main.TestCaseMain.startTestSuite(TestCaseMain.java:149)
	at com.kms.katalon.core.main.TestCaseMain$startTestSuite$0.call(Unknown Source)
	at TempTestSuite1557825704538.run(TempTestSuite1557825704538.groovy:36)


2019-05-14 17:22:07 - [TEST_STEP][PASSED] - click(findTestObject("Object Repository/1-1 Order/Edit/Sort by order no")): Object: 'Object Repository/1-1 Order/Edit/Sort by order no' is clicked on

2019-05-14 17:22:07 - [MESSAGE][PASSED] - Object: 'Object Repository/1-1 Order/Edit/Sort by order no' is clicked on

2019-05-14 17:22:07 - [TEST_STEP][PASSED] - click(findTestObject("Object Repository/1-1 Order/Edit/Sort by order no")): Object: 'Object Repository/1-1 Order/Edit/Sort by order no' is clicked on

2019-05-14 17:22:07 - [MESSAGE][PASSED] - Object: 'Object Repository/1-1 Order/Edit/Sort by order no' is clicked on

2019-05-14 17:22:07 - [TEST_STEP][PASSED] - delay(3): Delayed 3 second(s)

2019-05-14 17:22:10 - [MESSAGE][PASSED] - Delayed 3 second(s)

2019-05-14 17:22:10 - [TEST_STEP][PASSED] - logInfo(Time): Testing201905141722

2019-05-14 17:22:10 - [MESSAGE][INFO] - Testing201905141722

2019-05-14 17:22:10 - [TEST_STEP][PASSED] - getText(findTestObject("1-1 Order/Edit/Select order by note")): Text of object 'Object Repository/1-1 Order/Edit/Select order by note' is: 'Testing201905141722'

2019-05-14 17:22:10 - [MESSAGE][PASSED] - Text of object 'Object Repository/1-1 Order/Edit/Select order by note' is: 'Testing201905141722'

2019-05-14 17:22:10 - [TEST_STEP][PASSED] - click(findTestObject("1-1 Order/Edit/Select order by note")): Object: 'Object Repository/1-1 Order/Edit/Select order by note' is clicked on

2019-05-14 17:22:10 - [MESSAGE][PASSED] - Object: 'Object Repository/1-1 Order/Edit/Select order by note' is clicked on

2019-05-14 17:22:10 - [TEST_STEP][PASSED] - click(findTestObject("Object Repository/1-1 Order/Edit/Select order by note")): Object: 'Object Repository/1-1 Order/Edit/Select order by note' is clicked on

2019-05-14 17:22:10 - [MESSAGE][PASSED] - Object: 'Object Repository/1-1 Order/Edit/Select order by note' is clicked on

2019-05-14 17:22:10 - [TEST_STEP][PASSED] - click(findTestObject("Object Repository/1-1 Order/Edit/Order edit button")): Object: 'Object Repository/1-1 Order/Edit/Order edit button' is clicked on

2019-05-14 17:22:10 - [MESSAGE][PASSED] - Object: 'Object Repository/1-1 Order/Edit/Order edit button' is clicked on

2019-05-14 17:22:10 - [TEST_STEP][FAILED] - click(findTestObject("Object Repository/1-1 Order/Edit/Add item button")): click(findTestObject("Object Repository/1-1 Order/Edit/Add item button")) FAILED.
Reason:
com.kms.katalon.core.exception.StepFailedException: Unable to click on object 'Object Repository/1-1 Order/Edit/Add item button' (Root cause: org.openqa.selenium.UnhandledAlertException: unexpected alert open: {Alert text : 請選擇一筆資料}
  (Session info: chrome=73.0.3683.103)
  (Driver info: chromedriver=2.43.600210 (68dcf5eebde37173d4027fa8635e332711d2874a),platform=Windows NT 10.0.15063 x86_64) (WARNING: The server did not provide any stacktrace information)
Command duration or timeout: 0 milliseconds: null
Build info: version: '3.7.1', revision: '8a0099a', time: '2017-11-06T21:07:36.161Z'
System info: host: 'KENNYIC_CHEN', ip: '10.109.98.148', os.name: 'Windows 10', os.arch: 'amd64', os.version: '10.0', java.version: '1.8.0_181'
Driver info: com.kms.katalon.selenium.driver.CChromeDriver
Capabilities {acceptInsecureCerts: false, acceptSslCerts: false, applicationCacheEnabled: false, browserConnectionEnabled: false, browserName: chrome, chrome: {chromedriverVersion: 2.43.600210 (68dcf5eebde371..., userDataDir: C:\Users\KENNYI~1.COM\AppDa...}, cssSelectorsEnabled: true, databaseEnabled: false, goog:chromeOptions: {debuggerAddress: localhost:54122}, handlesAlerts: true, hasTouchScreen: false, javascriptEnabled: true, locationContextEnabled: true, mobileEmulationEnabled: false, nativeEvents: true, networkConnectionEnabled: false, pageLoadStrategy: normal, platform: XP, platformName: XP, rotatable: false, setWindowRect: true, takesHeapSnapshot: true, takesScreenshot: true, unexpectedAlertBehaviour: , unhandledPromptBehavior: , version: 73.0.3683.103, webStorageEnabled: true}
Session ID: 8d39e26801d62e53be337d7ed6ef388f
*** Element info: {Using=xpath, value=//button[(text() = ' 新增' or . = ' 新增')]})
	at com.kms.katalon.core.keyword.internal.KeywordMain.stepFailed(KeywordMain.groovy:36)
	at com.kms.katalon.core.webui.keyword.internal.WebUIKeywordMain.stepFailed(WebUIKeywordMain.groovy:65)
	at com.kms.katalon.core.webui.keyword.internal.WebUIKeywordMain.runKeyword(WebUIKeywordMain.groovy:27)
	at com.kms.katalon.core.webui.keyword.builtin.ClickKeyword.click(ClickKeyword.groovy:86)
	at com.kms.katalon.core.webui.keyword.builtin.ClickKeyword.execute(ClickKeyword.groovy:67)
	at com.kms.katalon.core.keyword.internal.KeywordExecutor.executeKeywordForPlatform(KeywordExecutor.groovy:53)
	at com.kms.katalon.core.webui.keyword.WebUiBuiltInKeywords.click(WebUiBuiltInKeywords.groovy:616)
	at com.kms.katalon.core.webui.keyword.WebUiBuiltInKeywords$click$4.call(Unknown Source)
	at 1-1 Order-Edit.run(1-1 Order-Edit:39)
	at com.kms.katalon.core.main.ScriptEngine.run(ScriptEngine.java:194)
	at com.kms.katalon.core.main.ScriptEngine.runScriptAsRawText(ScriptEngine.java:119)
	at com.kms.katalon.core.main.TestCaseExecutor.runScript(TestCaseExecutor.java:328)
	at com.kms.katalon.core.main.TestCaseExecutor.doExecute(TestCaseExecutor.java:319)
	at com.kms.katalon.core.main.TestCaseExecutor.processExecutionPhase(TestCaseExecutor.java:298)
	at com.kms.katalon.core.main.TestCaseExecutor.accessMainPhase(TestCaseExecutor.java:290)
	at com.kms.katalon.core.main.TestCaseExecutor.execute(TestCaseExecutor.java:224)
	at com.kms.katalon.core.main.TestSuiteExecutor.accessTestCaseMainPhase(TestSuiteExecutor.java:129)
	at com.kms.katalon.core.main.TestSuiteExecutor.accessTestSuiteMainPhase(TestSuiteExecutor.java:112)
	at com.kms.katalon.core.main.TestSuiteExecutor.execute(TestSuiteExecutor.java:81)
	at com.kms.katalon.core.main.TestCaseMain.startTestSuite(TestCaseMain.java:149)
	at com.kms.katalon.core.main.TestCaseMain$startTestSuite$0.call(Unknown Source)
	at TempTestSuite1557825704538.run(TempTestSuite1557825704538.groovy:36)


2019-05-14 17:22:10 - [MESSAGE][WARNING] - Cannot take screenshot

2019-05-14 17:22:10 - [MESSAGE][FAILED] - Unable to click on object 'Object Repository/1-1 Order/Edit/Add item button' (Root cause: org.openqa.selenium.UnhandledAlertException: unexpected alert open: {Alert text : 請選擇一筆資料}
  (Session info: chrome=73.0.3683.103)
  (Driver info: chromedriver=2.43.600210 (68dcf5eebde37173d4027fa8635e332711d2874a),platform=Windows NT 10.0.15063 x86_64) (WARNING: The server did not provide any stacktrace information)
Command duration or timeout: 0 milliseconds: null
Build info: version: '3.7.1', revision: '8a0099a', time: '2017-11-06T21:07:36.161Z'
System info: host: 'KENNYIC_CHEN', ip: '10.109.98.148', os.name: 'Windows 10', os.arch: 'amd64', os.version: '10.0', java.version: '1.8.0_181'
Driver info: com.kms.katalon.selenium.driver.CChromeDriver
Capabilities {acceptInsecureCerts: false, acceptSslCerts: false, applicationCacheEnabled: false, browserConnectionEnabled: false, browserName: chrome, chrome: {chromedriverVersion: 2.43.600210 (68dcf5eebde371..., userDataDir: C:\Users\KENNYI~1.COM\AppDa...}, cssSelectorsEnabled: true, databaseEnabled: false, goog:chromeOptions: {debuggerAddress: localhost:54122}, handlesAlerts: true, hasTouchScreen: false, javascriptEnabled: true, locationContextEnabled: true, mobileEmulationEnabled: false, nativeEvents: true, networkConnectionEnabled: false, pageLoadStrategy: normal, platform: XP, platformName: XP, rotatable: false, setWindowRect: true, takesHeapSnapshot: true, takesScreenshot: true, unexpectedAlertBehaviour: , unhandledPromptBehavior: , version: 73.0.3683.103, webStorageEnabled: true}
Session ID: 8d39e26801d62e53be337d7ed6ef388f
*** Element info: {Using=xpath, value=//button[(text() = ' 新增' or . = ' 新增')]})

2019-05-14 17:22:10 - [MESSAGE][FAILED] - click(findTestObject("Object Repository/1-1 Order/Edit/Add item button")) FAILED.
Reason:
com.kms.katalon.core.exception.StepFailedException: Unable to click on object 'Object Repository/1-1 Order/Edit/Add item button' (Root cause: org.openqa.selenium.UnhandledAlertException: unexpected alert open: {Alert text : 請選擇一筆資料}
  (Session info: chrome=73.0.3683.103)
  (Driver info: chromedriver=2.43.600210 (68dcf5eebde37173d4027fa8635e332711d2874a),platform=Windows NT 10.0.15063 x86_64) (WARNING: The server did not provide any stacktrace information)
Command duration or timeout: 0 milliseconds: null
Build info: version: '3.7.1', revision: '8a0099a', time: '2017-11-06T21:07:36.161Z'
System info: host: 'KENNYIC_CHEN', ip: '10.109.98.148', os.name: 'Windows 10', os.arch: 'amd64', os.version: '10.0', java.version: '1.8.0_181'
Driver info: com.kms.katalon.selenium.driver.CChromeDriver
Capabilities {acceptInsecureCerts: false, acceptSslCerts: false, applicationCacheEnabled: false, browserConnectionEnabled: false, browserName: chrome, chrome: {chromedriverVersion: 2.43.600210 (68dcf5eebde371..., userDataDir: C:\Users\KENNYI~1.COM\AppDa...}, cssSelectorsEnabled: true, databaseEnabled: false, goog:chromeOptions: {debuggerAddress: localhost:54122}, handlesAlerts: true, hasTouchScreen: false, javascriptEnabled: true, locationContextEnabled: true, mobileEmulationEnabled: false, nativeEvents: true, networkConnectionEnabled: false, pageLoadStrategy: normal, platform: XP, platformName: XP, rotatable: false, setWindowRect: true, takesHeapSnapshot: true, takesScreenshot: true, unexpectedAlertBehaviour: , unhandledPromptBehavior: , version: 73.0.3683.103, webStorageEnabled: true}
Session ID: 8d39e26801d62e53be337d7ed6ef388f
*** Element info: {Using=xpath, value=//button[(text() = ' 新增' or . = ' 新增')]})
	at com.kms.katalon.core.keyword.internal.KeywordMain.stepFailed(KeywordMain.groovy:36)
	at com.kms.katalon.core.webui.keyword.internal.WebUIKeywordMain.stepFailed(WebUIKeywordMain.groovy:65)
	at com.kms.katalon.core.webui.keyword.internal.WebUIKeywordMain.runKeyword(WebUIKeywordMain.groovy:27)
	at com.kms.katalon.core.webui.keyword.builtin.ClickKeyword.click(ClickKeyword.groovy:86)
	at com.kms.katalon.core.webui.keyword.builtin.ClickKeyword.execute(ClickKeyword.groovy:67)
	at com.kms.katalon.core.keyword.internal.KeywordExecutor.executeKeywordForPlatform(KeywordExecutor.groovy:53)
	at com.kms.katalon.core.webui.keyword.WebUiBuiltInKeywords.click(WebUiBuiltInKeywords.groovy:616)
	at com.kms.katalon.core.webui.keyword.WebUiBuiltInKeywords$click$4.call(Unknown Source)
	at 1-1 Order-Edit.run(1-1 Order-Edit:39)
	at com.kms.katalon.core.main.ScriptEngine.run(ScriptEngine.java:194)
	at com.kms.katalon.core.main.ScriptEngine.runScriptAsRawText(ScriptEngine.java:119)
	at com.kms.katalon.core.main.TestCaseExecutor.runScript(TestCaseExecutor.java:328)
	at com.kms.katalon.core.main.TestCaseExecutor.doExecute(TestCaseExecutor.java:319)
	at com.kms.katalon.core.main.TestCaseExecutor.processExecutionPhase(TestCaseExecutor.java:298)
	at com.kms.katalon.core.main.TestCaseExecutor.accessMainPhase(TestCaseExecutor.java:290)
	at com.kms.katalon.core.main.TestCaseExecutor.execute(TestCaseExecutor.java:224)
	at com.kms.katalon.core.main.TestSuiteExecutor.accessTestCaseMainPhase(TestSuiteExecutor.java:129)
	at com.kms.katalon.core.main.TestSuiteExecutor.accessTestSuiteMainPhase(TestSuiteExecutor.java:112)
	at com.kms.katalon.core.main.TestSuiteExecutor.execute(TestSuiteExecutor.java:81)
	at com.kms.katalon.core.main.TestCaseMain.startTestSuite(TestCaseMain.java:149)
	at com.kms.katalon.core.main.TestCaseMain$startTestSuite$0.call(Unknown Source)
	at TempTestSuite1557825704538.run(TempTestSuite1557825704538.groovy:36)]]></system-out>
         <system-err><![CDATA[2019-05-14 17:22:07 - [TEST_CASE][FAILED] - Test Cases/1-1 Order-Edit: Test Cases/1-1 Order-Edit FAILED.
Reason:
com.kms.katalon.core.exception.StepFailedException: Unable to click on object 'Object Repository/1-1 Order/Edit/Add item button' (Root cause: org.openqa.selenium.UnhandledAlertException: unexpected alert open: {Alert text : 請選擇一筆資料}
  (Session info: chrome=73.0.3683.103)
  (Driver info: chromedriver=2.43.600210 (68dcf5eebde37173d4027fa8635e332711d2874a),platform=Windows NT 10.0.15063 x86_64) (WARNING: The server did not provide any stacktrace information)
Command duration or timeout: 0 milliseconds: null
Build info: version: '3.7.1', revision: '8a0099a', time: '2017-11-06T21:07:36.161Z'
System info: host: 'KENNYIC_CHEN', ip: '10.109.98.148', os.name: 'Windows 10', os.arch: 'amd64', os.version: '10.0', java.version: '1.8.0_181'
Driver info: com.kms.katalon.selenium.driver.CChromeDriver
Capabilities {acceptInsecureCerts: false, acceptSslCerts: false, applicationCacheEnabled: false, browserConnectionEnabled: false, browserName: chrome, chrome: {chromedriverVersion: 2.43.600210 (68dcf5eebde371..., userDataDir: C:\Users\KENNYI~1.COM\AppDa...}, cssSelectorsEnabled: true, databaseEnabled: false, goog:chromeOptions: {debuggerAddress: localhost:54122}, handlesAlerts: true, hasTouchScreen: false, javascriptEnabled: true, locationContextEnabled: true, mobileEmulationEnabled: false, nativeEvents: true, networkConnectionEnabled: false, pageLoadStrategy: normal, platform: XP, platformName: XP, rotatable: false, setWindowRect: true, takesHeapSnapshot: true, takesScreenshot: true, unexpectedAlertBehaviour: , unhandledPromptBehavior: , version: 73.0.3683.103, webStorageEnabled: true}
Session ID: 8d39e26801d62e53be337d7ed6ef388f
*** Element info: {Using=xpath, value=//button[(text() = ' 新增' or . = ' 新增')]})
	at com.kms.katalon.core.keyword.internal.KeywordMain.stepFailed(KeywordMain.groovy:36)
	at com.kms.katalon.core.webui.keyword.internal.WebUIKeywordMain.stepFailed(WebUIKeywordMain.groovy:65)
	at com.kms.katalon.core.webui.keyword.internal.WebUIKeywordMain.runKeyword(WebUIKeywordMain.groovy:27)
	at com.kms.katalon.core.webui.keyword.builtin.ClickKeyword.click(ClickKeyword.groovy:86)
	at com.kms.katalon.core.webui.keyword.builtin.ClickKeyword.execute(ClickKeyword.groovy:67)
	at com.kms.katalon.core.keyword.internal.KeywordExecutor.executeKeywordForPlatform(KeywordExecutor.groovy:53)
	at com.kms.katalon.core.webui.keyword.WebUiBuiltInKeywords.click(WebUiBuiltInKeywords.groovy:616)
	at com.kms.katalon.core.webui.keyword.WebUiBuiltInKeywords$click$4.call(Unknown Source)
	at 1-1 Order-Edit.run(1-1 Order-Edit:39)
	at com.kms.katalon.core.main.ScriptEngine.run(ScriptEngine.java:194)
	at com.kms.katalon.core.main.ScriptEngine.runScriptAsRawText(ScriptEngine.java:119)
	at com.kms.katalon.core.main.TestCaseExecutor.runScript(TestCaseExecutor.java:328)
	at com.kms.katalon.core.main.TestCaseExecutor.doExecute(TestCaseExecutor.java:319)
	at com.kms.katalon.core.main.TestCaseExecutor.processExecutionPhase(TestCaseExecutor.java:298)
	at com.kms.katalon.core.main.TestCaseExecutor.accessMainPhase(TestCaseExecutor.java:290)
	at com.kms.katalon.core.main.TestCaseExecutor.execute(TestCaseExecutor.java:224)
	at com.kms.katalon.core.main.TestSuiteExecutor.accessTestCaseMainPhase(TestSuiteExecutor.java:129)
	at com.kms.katalon.core.main.TestSuiteExecutor.accessTestSuiteMainPhase(TestSuiteExecutor.java:112)
	at com.kms.katalon.core.main.TestSuiteExecutor.execute(TestSuiteExecutor.java:81)
	at com.kms.katalon.core.main.TestCaseMain.startTestSuite(TestCaseMain.java:149)
	at com.kms.katalon.core.main.TestCaseMain$startTestSuite$0.call(Unknown Source)
	at TempTestSuite1557825704538.run(TempTestSuite1557825704538.groovy:36)]]></system-err>
      </testcase>
      <system-out><![CDATA[2019-05-14 17:21:46 - [TEST_SUITE][FAILED] - 1-1 Order Test Suite: Test Cases/1-1 Order-Edit FAILED.
Reason:
com.kms.katalon.core.exception.StepFailedException: Unable to click on object 'Object Repository/1-1 Order/Edit/Add item button' (Root cause: org.openqa.selenium.UnhandledAlertException: unexpected alert open: {Alert text : 請選擇一筆資料}
  (Session info: chrome=73.0.3683.103)
  (Driver info: chromedriver=2.43.600210 (68dcf5eebde37173d4027fa8635e332711d2874a),platform=Windows NT 10.0.15063 x86_64) (WARNING: The server did not provide any stacktrace information)
Command duration or timeout: 0 milliseconds: null
Build info: version: '3.7.1', revision: '8a0099a', time: '2017-11-06T21:07:36.161Z'
System info: host: 'KENNYIC_CHEN', ip: '10.109.98.148', os.name: 'Windows 10', os.arch: 'amd64', os.version: '10.0', java.version: '1.8.0_181'
Driver info: com.kms.katalon.selenium.driver.CChromeDriver
Capabilities {acceptInsecureCerts: false, acceptSslCerts: false, applicationCacheEnabled: false, browserConnectionEnabled: false, browserName: chrome, chrome: {chromedriverVersion: 2.43.600210 (68dcf5eebde371..., userDataDir: C:\Users\KENNYI~1.COM\AppDa...}, cssSelectorsEnabled: true, databaseEnabled: false, goog:chromeOptions: {debuggerAddress: localhost:54122}, handlesAlerts: true, hasTouchScreen: false, javascriptEnabled: true, locationContextEnabled: true, mobileEmulationEnabled: false, nativeEvents: true, networkConnectionEnabled: false, pageLoadStrategy: normal, platform: XP, platformName: XP, rotatable: false, setWindowRect: true, takesHeapSnapshot: true, takesScreenshot: true, unexpectedAlertBehaviour: , unhandledPromptBehavior: , version: 73.0.3683.103, webStorageEnabled: true}
Session ID: 8d39e26801d62e53be337d7ed6ef388f
*** Element info: {Using=xpath, value=//button[(text() = ' 新增' or . = ' 新增')]})
	at com.kms.katalon.core.keyword.internal.KeywordMain.stepFailed(KeywordMain.groovy:36)
	at com.kms.katalon.core.webui.keyword.internal.WebUIKeywordMain.stepFailed(WebUIKeywordMain.groovy:65)
	at com.kms.katalon.core.webui.keyword.internal.WebUIKeywordMain.runKeyword(WebUIKeywordMain.groovy:27)
	at com.kms.katalon.core.webui.keyword.builtin.ClickKeyword.click(ClickKeyword.groovy:86)
	at com.kms.katalon.core.webui.keyword.builtin.ClickKeyword.execute(ClickKeyword.groovy:67)
	at com.kms.katalon.core.keyword.internal.KeywordExecutor.executeKeywordForPlatform(KeywordExecutor.groovy:53)
	at com.kms.katalon.core.webui.keyword.WebUiBuiltInKeywords.click(WebUiBuiltInKeywords.groovy:616)
	at com.kms.katalon.core.webui.keyword.WebUiBuiltInKeywords$click$4.call(Unknown Source)
	at 1-1 Order-Edit.run(1-1 Order-Edit:39)
	at com.kms.katalon.core.main.ScriptEngine.run(ScriptEngine.java:194)
	at com.kms.katalon.core.main.ScriptEngine.runScriptAsRawText(ScriptEngine.java:119)
	at com.kms.katalon.core.main.TestCaseExecutor.runScript(TestCaseExecutor.java:328)
	at com.kms.katalon.core.main.TestCaseExecutor.doExecute(TestCaseExecutor.java:319)
	at com.kms.katalon.core.main.TestCaseExecutor.processExecutionPhase(TestCaseExecutor.java:298)
	at com.kms.katalon.core.main.TestCaseExecutor.accessMainPhase(TestCaseExecutor.java:290)
	at com.kms.katalon.core.main.TestCaseExecutor.execute(TestCaseExecutor.java:224)
	at com.kms.katalon.core.main.TestSuiteExecutor.accessTestCaseMainPhase(TestSuiteExecutor.java:129)
	at com.kms.katalon.core.main.TestSuiteExecutor.accessTestSuiteMainPhase(TestSuiteExecutor.java:112)
	at com.kms.katalon.core.main.TestSuiteExecutor.execute(TestSuiteExecutor.java:81)
	at com.kms.katalon.core.main.TestCaseMain.startTestSuite(TestCaseMain.java:149)
	at com.kms.katalon.core.main.TestCaseMain$startTestSuite$0.call(Unknown Source)
	at TempTestSuite1557825704538.run(TempTestSuite1557825704538.groovy:36)]]></system-out>
      <system-err><![CDATA[2019-05-14 17:21:46 - [TEST_SUITE][FAILED] - 1-1 Order Test Suite: Test Cases/1-1 Order-Edit FAILED.
Reason:
com.kms.katalon.core.exception.StepFailedException: Unable to click on object 'Object Repository/1-1 Order/Edit/Add item button' (Root cause: org.openqa.selenium.UnhandledAlertException: unexpected alert open: {Alert text : 請選擇一筆資料}
  (Session info: chrome=73.0.3683.103)
  (Driver info: chromedriver=2.43.600210 (68dcf5eebde37173d4027fa8635e332711d2874a),platform=Windows NT 10.0.15063 x86_64) (WARNING: The server did not provide any stacktrace information)
Command duration or timeout: 0 milliseconds: null
Build info: version: '3.7.1', revision: '8a0099a', time: '2017-11-06T21:07:36.161Z'
System info: host: 'KENNYIC_CHEN', ip: '10.109.98.148', os.name: 'Windows 10', os.arch: 'amd64', os.version: '10.0', java.version: '1.8.0_181'
Driver info: com.kms.katalon.selenium.driver.CChromeDriver
Capabilities {acceptInsecureCerts: false, acceptSslCerts: false, applicationCacheEnabled: false, browserConnectionEnabled: false, browserName: chrome, chrome: {chromedriverVersion: 2.43.600210 (68dcf5eebde371..., userDataDir: C:\Users\KENNYI~1.COM\AppDa...}, cssSelectorsEnabled: true, databaseEnabled: false, goog:chromeOptions: {debuggerAddress: localhost:54122}, handlesAlerts: true, hasTouchScreen: false, javascriptEnabled: true, locationContextEnabled: true, mobileEmulationEnabled: false, nativeEvents: true, networkConnectionEnabled: false, pageLoadStrategy: normal, platform: XP, platformName: XP, rotatable: false, setWindowRect: true, takesHeapSnapshot: true, takesScreenshot: true, unexpectedAlertBehaviour: , unhandledPromptBehavior: , version: 73.0.3683.103, webStorageEnabled: true}
Session ID: 8d39e26801d62e53be337d7ed6ef388f
*** Element info: {Using=xpath, value=//button[(text() = ' 新增' or . = ' 新增')]})
	at com.kms.katalon.core.keyword.internal.KeywordMain.stepFailed(KeywordMain.groovy:36)
	at com.kms.katalon.core.webui.keyword.internal.WebUIKeywordMain.stepFailed(WebUIKeywordMain.groovy:65)
	at com.kms.katalon.core.webui.keyword.internal.WebUIKeywordMain.runKeyword(WebUIKeywordMain.groovy:27)
	at com.kms.katalon.core.webui.keyword.builtin.ClickKeyword.click(ClickKeyword.groovy:86)
	at com.kms.katalon.core.webui.keyword.builtin.ClickKeyword.execute(ClickKeyword.groovy:67)
	at com.kms.katalon.core.keyword.internal.KeywordExecutor.executeKeywordForPlatform(KeywordExecutor.groovy:53)
	at com.kms.katalon.core.webui.keyword.WebUiBuiltInKeywords.click(WebUiBuiltInKeywords.groovy:616)
	at com.kms.katalon.core.webui.keyword.WebUiBuiltInKeywords$click$4.call(Unknown Source)
	at 1-1 Order-Edit.run(1-1 Order-Edit:39)
	at com.kms.katalon.core.main.ScriptEngine.run(ScriptEngine.java:194)
	at com.kms.katalon.core.main.ScriptEngine.runScriptAsRawText(ScriptEngine.java:119)
	at com.kms.katalon.core.main.TestCaseExecutor.runScript(TestCaseExecutor.java:328)
	at com.kms.katalon.core.main.TestCaseExecutor.doExecute(TestCaseExecutor.java:319)
	at com.kms.katalon.core.main.TestCaseExecutor.processExecutionPhase(TestCaseExecutor.java:298)
	at com.kms.katalon.core.main.TestCaseExecutor.accessMainPhase(TestCaseExecutor.java:290)
	at com.kms.katalon.core.main.TestCaseExecutor.execute(TestCaseExecutor.java:224)
	at com.kms.katalon.core.main.TestSuiteExecutor.accessTestCaseMainPhase(TestSuiteExecutor.java:129)
	at com.kms.katalon.core.main.TestSuiteExecutor.accessTestSuiteMainPhase(TestSuiteExecutor.java:112)
	at com.kms.katalon.core.main.TestSuiteExecutor.execute(TestSuiteExecutor.java:81)
	at com.kms.katalon.core.main.TestCaseMain.startTestSuite(TestCaseMain.java:149)
	at com.kms.katalon.core.main.TestCaseMain$startTestSuite$0.call(Unknown Source)
	at TempTestSuite1557825704538.run(TempTestSuite1557825704538.groovy:36)]]></system-err>
   </testsuite>
</testsuites>
