<?xml version="1.0" encoding="UTF-8"?>
<testsuites name="1-2 Purchase Test Suite" time="42" tests="4" failures="1" errors="0">
   <testsuite name="1-2 Purchase Test Suite" tests="4" failures="1" errors="0" time="42" timestamp="2019-05-15 16:11:11" hostname="KennyIC_Chen - KennyIC_Chen.compal.com" id="Test Suites/1-2 Purchase Test Suite">
      <properties>
         <property name="deviceName" value=""/>
         <property name="devicePlatform" value=""/>
         <property name="logFolder" value="C:\\Users\\KennyIC_chen.COMPAL\\git\\PSItest\\Reports\\1-2 Purchase Test Suite\\20190515_161109"/>
         <property name="logFiles" value="C:\\Users\\KennyIC_chen.COMPAL\\git\\PSItest\\Reports\\1-2 Purchase Test Suite\\20190515_161109\\execution0.log"/>
         <property name="attachments" value="C:\\Users\\KennyIC_chen.COMPAL\\git\\PSItest\\Reports\\1-2 Purchase Test Suite\\20190515_161109\\1557907912388.png, C:\\Users\\KennyIC_chen.COMPAL\\git\\PSItest\\Reports\\1-2 Purchase Test Suite\\20190515_161109\\1557907912923.png"/>
         <property name="hostName" value="KennyIC_Chen - KennyIC_Chen.compal.com"/>
         <property name="os" value="Windows 10 64bit"/>
         <property name="katalonVersion" value="5.10.1.1"/>
         <property name="browser" value="Chrome 73.0.3683.103"/>
         <property name="hostAddress" value="10.109.102.148"/>
         <property name="sessionId" value="71be39b1d1e90b357222799298bc7e15"/>
         <property name="seleniumVersion" value="3.7.1"/>
         <property name="proxyInformation" value="ProxyInformation{proxyOption=NO_PROXY, proxyServerType=HTTP, password=, proxyServerAddress=, proxyServerPort=0}"/>
         <property name="platform" value="Windows 10"/>
      </properties>
      <testcase name="Test Cases/Others/Login" classname="Test Cases/Others/Login" status="PASSED">
         <system-out><![CDATA[2019-05-15 16:11:11 - [TEST_CASE][PASSED] - Test Cases/Others/Login: Test Cases/Others/Login

2019-05-15 16:11:12 - [TEST_STEP][PASSED] - openBrowser(""): Browser is opened with url: ''

2019-05-15 16:11:12 - [MESSAGE][INFO] - Starting 'Chrome' driver

2019-05-15 16:11:12 - [MESSAGE][INFO] - Action delay is set to 0 seconds

2019-05-15 16:11:19 - [MESSAGE][PASSED] - Browser is opened with url: ''

2019-05-15 16:11:19 - [TEST_STEP][PASSED] - navigateToUrl("https://psi-azcldap.unicore.com.tw/login"): Navigate to 'https://psi-azcldap.unicore.com.tw/login' successfully

2019-05-15 16:11:23 - [MESSAGE][PASSED] - Navigate to 'https://psi-azcldap.unicore.com.tw/login' successfully

2019-05-15 16:11:23 - [TEST_STEP][PASSED] - maximizeWindow(): Current window maximized

2019-05-15 16:11:24 - [MESSAGE][PASSED] - Current window maximized

2019-05-15 16:11:24 - [TEST_STEP][PASSED] - setText(findTestObject("Others/Login/ID-QWE"), "QWE"): Text 'QWE' is set on object 'Object Repository/Others/Login/ID-QWE'

2019-05-15 16:11:25 - [MESSAGE][PASSED] - Text 'QWE' is set on object 'Object Repository/Others/Login/ID-QWE'

2019-05-15 16:11:25 - [TEST_STEP][PASSED] - setEncryptedText(findTestObject("Others/Login/PW-QWE"), "5opu+sh6ATw="): Text ****** has been set on object 'Object Repository/Others/Login/PW-QWE'

2019-05-15 16:11:25 - [MESSAGE][PASSED] - Text ****** has been set on object 'Object Repository/Others/Login/PW-QWE'

2019-05-15 16:11:25 - [TEST_STEP][PASSED] - click(findTestObject("Others/Login/Login Button")): Object: 'Object Repository/Others/Login/Login Button' is clicked on

2019-05-15 16:11:25 - [MESSAGE][PASSED] - Object: 'Object Repository/Others/Login/Login Button' is clicked on

2019-05-15 16:11:25 - [TEST_STEP][PASSED] - verifyElementClickable(findTestObject("Others/Login/Verify button")): Object 'Object Repository/Others/Login/Verify button' is clickable

2019-05-15 16:11:25 - [MESSAGE][PASSED] - Object 'Object Repository/Others/Login/Verify button' is clickable]]></system-out>
         <system-err><![CDATA[]]></system-err>
      </testcase>
      <testcase name="Test Cases/1 In/1-2 Purchase/1-2 Purchase-Add" classname="Test Cases/1 In/1-2 Purchase/1-2 Purchase-Add" status="PASSED">
         <system-out><![CDATA[2019-05-15 16:11:25 - [TEST_CASE][PASSED] - Test Cases/1 In/1-2 Purchase/1-2 Purchase-Add: Test Cases/1 In/1-2 Purchase/1-2 Purchase-Add

2019-05-15 16:11:26 - [TEST_STEP][PASSED] - click(findTestObject("1 In/1-2 Purchase/Add/Purchase button")): Object: 'Object Repository/1 In/1-2 Purchase/Add/Purchase button' is clicked on

2019-05-15 16:11:26 - [MESSAGE][PASSED] - Object: 'Object Repository/1 In/1-2 Purchase/Add/Purchase button' is clicked on

2019-05-15 16:11:26 - [TEST_STEP][PASSED] - callTestCase(findTestCase("Others/Get Today"), [:], STOP_ON_FAILURE): Call Test Case 'Test Cases/Others/Get Today' successfully

2019-05-15 16:11:26 - [TEST_CASE][PASSED] - Test Cases/Others/Get Today: Test Cases/Others/Get Today

2019-05-15 16:11:26 - [MESSAGE][PASSED] - Call Test Case 'Test Cases/Others/Get Today' successfully

2019-05-15 16:11:26 - [TEST_STEP][PASSED] - click(findTestObject("1 In/1-2 Purchase/Add/Add button")): Object: 'Object Repository/1 In/1-2 Purchase/Add/Add button' is clicked on

2019-05-15 16:11:26 - [MESSAGE][PASSED] - Object: 'Object Repository/1 In/1-2 Purchase/Add/Add button' is clicked on

2019-05-15 16:11:26 - [TEST_STEP][PASSED] - click(findTestObject("1 In/1-2 Purchase/Add/Vendor button")): Object: 'Object Repository/1 In/1-2 Purchase/Add/Vendor button' is clicked on

2019-05-15 16:11:26 - [MESSAGE][PASSED] - Object: 'Object Repository/1 In/1-2 Purchase/Add/Vendor button' is clicked on

2019-05-15 16:11:26 - [TEST_STEP][PASSED] - click(findTestObject("1 In/1-2 Purchase/Add/Vendor 2324")): Object: 'Object Repository/1 In/1-2 Purchase/Add/Vendor 2324' is clicked on

2019-05-15 16:11:27 - [MESSAGE][PASSED] - Object: 'Object Repository/1 In/1-2 Purchase/Add/Vendor 2324' is clicked on

2019-05-15 16:11:27 - [TEST_STEP][PASSED] - click(findTestObject("1 In/1-2 Purchase/Add/Payment select")): Object: 'Object Repository/1 In/1-2 Purchase/Add/Payment select' is clicked on

2019-05-15 16:11:27 - [MESSAGE][PASSED] - Object: 'Object Repository/1 In/1-2 Purchase/Add/Payment select' is clicked on

2019-05-15 16:11:27 - [TEST_STEP][PASSED] - selectOptionByValue(findTestObject("1 In/1-2 Purchase/Add/Payment Cash"), "0: 1", true): All options with value '0: 1' are selected in object 'Object Repository/1 In/1-2 Purchase/Add/Payment Cash'  using regular expression

2019-05-15 16:11:27 - [MESSAGE][PASSED] - All options with value '0: 1' are selected in object 'Object Repository/1 In/1-2 Purchase/Add/Payment Cash'  using regular expression

2019-05-15 16:11:27 - [TEST_STEP][PASSED] - click(findTestObject("1 In/1-2 Purchase/Add/Payment date 1")): Object: 'Object Repository/1 In/1-2 Purchase/Add/Payment date 1' is clicked on

2019-05-15 16:11:27 - [MESSAGE][PASSED] - Object: 'Object Repository/1 In/1-2 Purchase/Add/Payment date 1' is clicked on

2019-05-15 16:11:27 - [TEST_STEP][PASSED] - click(findTestObject("1 In/1-2 Purchase/Add/Payment date 1 next month_10", ["xxx":abc(5)])): null

2019-05-15 16:11:27 - [TEST_STEP][PASSED] - today = new java.util.Date(): null

2019-05-15 16:11:27 - [TEST_STEP][PASSED] - day1 = Date().plus(num): null

2019-05-15 16:11:27 - [TEST_STEP][PASSED] - if (day1.format("MM") > today.format("MM")): null

2019-05-15 16:11:27 - [TEST_STEP][PASSED] - else: Object: 'Object Repository/1 In/1-2 Purchase/Add/Payment date 1 next month_10' is clicked on

2019-05-15 16:11:27 - [TEST_STEP][PASSED] - return day1.format(d): Object: 'Object Repository/1 In/1-2 Purchase/Add/Payment date 1 next month_10' is clicked on

2019-05-15 16:11:27 - [MESSAGE][PASSED] - Object: 'Object Repository/1 In/1-2 Purchase/Add/Payment date 1 next month_10' is clicked on

2019-05-15 16:11:27 - [TEST_STEP][PASSED] - click(findTestObject("1 In/1-2 Purchase/Add/Payment date 2")): Object: 'Object Repository/1 In/1-2 Purchase/Add/Payment date 2' is clicked on

2019-05-15 16:11:27 - [MESSAGE][PASSED] - Object: 'Object Repository/1 In/1-2 Purchase/Add/Payment date 2' is clicked on

2019-05-15 16:11:27 - [TEST_STEP][PASSED] - click(findTestObject("1 In/1-2 Purchase/Add/Payment date 2 next month_15", ["xxx":abc(10)])): null

2019-05-15 16:11:27 - [TEST_STEP][PASSED] - today = new java.util.Date(): null

2019-05-15 16:11:27 - [TEST_STEP][PASSED] - day1 = Date().plus(num): null

2019-05-15 16:11:27 - [TEST_STEP][PASSED] - if (day1.format("MM") > today.format("MM")): null

2019-05-15 16:11:27 - [TEST_STEP][PASSED] - else: Object: 'Object Repository/1 In/1-2 Purchase/Add/Payment date 2 next month_15' is clicked on

2019-05-15 16:11:27 - [TEST_STEP][PASSED] - return day1.format(d): Object: 'Object Repository/1 In/1-2 Purchase/Add/Payment date 2 next month_15' is clicked on

2019-05-15 16:11:27 - [MESSAGE][PASSED] - Object: 'Object Repository/1 In/1-2 Purchase/Add/Payment date 2 next month_15' is clicked on

2019-05-15 16:11:27 - [TEST_STEP][PASSED] - click(findTestObject("1 In/1-2 Purchase/Add/Payment date 3")): Object: 'Object Repository/1 In/1-2 Purchase/Add/Payment date 3' is clicked on

2019-05-15 16:11:28 - [MESSAGE][PASSED] - Object: 'Object Repository/1 In/1-2 Purchase/Add/Payment date 3' is clicked on

2019-05-15 16:11:28 - [TEST_STEP][PASSED] - click(findTestObject("1 In/1-2 Purchase/Add/Payment date 3 next month_20", ["xxx":abc(15)])): null

2019-05-15 16:11:28 - [TEST_STEP][PASSED] - today = new java.util.Date(): null

2019-05-15 16:11:28 - [TEST_STEP][PASSED] - day1 = Date().plus(num): null

2019-05-15 16:11:28 - [TEST_STEP][PASSED] - if (day1.format("MM") > today.format("MM")): null

2019-05-15 16:11:28 - [TEST_STEP][PASSED] - else: Object: 'Object Repository/1 In/1-2 Purchase/Add/Payment date 3 next month_20' is clicked on

2019-05-15 16:11:28 - [TEST_STEP][PASSED] - return day1.format(d): Object: 'Object Repository/1 In/1-2 Purchase/Add/Payment date 3 next month_20' is clicked on

2019-05-15 16:11:28 - [MESSAGE][PASSED] - Object: 'Object Repository/1 In/1-2 Purchase/Add/Payment date 3 next month_20' is clicked on

2019-05-15 16:11:28 - [TEST_STEP][PASSED] - click(findTestObject("1 In/1-2 Purchase/Add/Invoice select")): Object: 'Object Repository/1 In/1-2 Purchase/Add/Invoice select' is clicked on

2019-05-15 16:11:28 - [MESSAGE][PASSED] - Object: 'Object Repository/1 In/1-2 Purchase/Add/Invoice select' is clicked on

2019-05-15 16:11:28 - [TEST_STEP][PASSED] - selectOptionByValue(findTestObject("1 In/1-2 Purchase/Add/Invoice 1"), "3: 4", true): All options with value '3: 4' are selected in object 'Object Repository/1 In/1-2 Purchase/Add/Invoice 1'  using regular expression

2019-05-15 16:11:28 - [MESSAGE][PASSED] - All options with value '3: 4' are selected in object 'Object Repository/1 In/1-2 Purchase/Add/Invoice 1'  using regular expression

2019-05-15 16:11:28 - [TEST_STEP][PASSED] - click(findTestObject("1 In/1-2 Purchase/Add/Employee button")): Object: 'Object Repository/1 In/1-2 Purchase/Add/Employee button' is clicked on

2019-05-15 16:11:28 - [MESSAGE][PASSED] - Object: 'Object Repository/1 In/1-2 Purchase/Add/Employee button' is clicked on

2019-05-15 16:11:28 - [TEST_STEP][PASSED] - click(findTestObject("1 In/1-2 Purchase/Add/Emplyee Larry")): Object: 'Object Repository/1 In/1-2 Purchase/Add/Emplyee Larry' is clicked on

2019-05-15 16:11:29 - [MESSAGE][PASSED] - Object: 'Object Repository/1 In/1-2 Purchase/Add/Emplyee Larry' is clicked on

2019-05-15 16:11:29 - [TEST_STEP][PASSED] - setText(findTestObject("1 In/1-2 Purchase/Add/Note"), time()): null

2019-05-15 16:11:29 - [TEST_STEP][PASSED] - date = new java.util.Date(): null

2019-05-15 16:11:29 - [TEST_STEP][PASSED] - sdf = new java.text.SimpleDateFormat(yyyyMMddHHmm): null

2019-05-15 16:11:29 - [TEST_STEP][PASSED] - Time = Note + sdf.format(date): null

2019-05-15 16:11:29 - [TEST_STEP][PASSED] - return internal.GlobalVariable.Time: Text 'Testing201905151611' is set on object 'Object Repository/1 In/1-2 Purchase/Add/Note'

2019-05-15 16:11:29 - [MESSAGE][PASSED] - Text 'Testing201905151611' is set on object 'Object Repository/1 In/1-2 Purchase/Add/Note'

2019-05-15 16:11:29 - [TEST_STEP][PASSED] - setText(findTestObject("1 In/1-2 Purchase/Add/Invoice number"), Invoice_number): Text 'AB-12345678' is set on object 'Object Repository/1 In/1-2 Purchase/Add/Invoice number'

2019-05-15 16:11:29 - [MESSAGE][PASSED] - Text 'AB-12345678' is set on object 'Object Repository/1 In/1-2 Purchase/Add/Invoice number'

2019-05-15 16:11:29 - [TEST_STEP][PASSED] - click(findTestObject("1 In/1-2 Purchase/Add/Add item button")): Object: 'Object Repository/1 In/1-2 Purchase/Add/Add item button' is clicked on

2019-05-15 16:11:29 - [MESSAGE][PASSED] - Object: 'Object Repository/1 In/1-2 Purchase/Add/Add item button' is clicked on

2019-05-15 16:11:29 - [TEST_STEP][PASSED] - click(findTestObject("1 In/1-2 Purchase/Add/Item IPAD")): Object: 'Object Repository/1 In/1-2 Purchase/Add/Item IPAD' is clicked on

2019-05-15 16:11:30 - [MESSAGE][PASSED] - Object: 'Object Repository/1 In/1-2 Purchase/Add/Item IPAD' is clicked on

2019-05-15 16:11:30 - [TEST_STEP][PASSED] - click(findTestObject("1 In/1-2 Purchase/Add/Unit button")): Object: 'Object Repository/1 In/1-2 Purchase/Add/Unit button' is clicked on

2019-05-15 16:11:30 - [MESSAGE][PASSED] - Object: 'Object Repository/1 In/1-2 Purchase/Add/Unit button' is clicked on

2019-05-15 16:11:30 - [TEST_STEP][PASSED] - click(findTestObject("1 In/1-2 Purchase/Add/Unit Change")): Object: 'Object Repository/1 In/1-2 Purchase/Add/Unit Change' is clicked on

2019-05-15 16:11:30 - [MESSAGE][PASSED] - Object: 'Object Repository/1 In/1-2 Purchase/Add/Unit Change' is clicked on

2019-05-15 16:11:30 - [TEST_STEP][PASSED] - setText(findTestObject("1 In/1-2 Purchase/Add/Qty"), "10"): Text '10' is set on object 'Object Repository/1 In/1-2 Purchase/Add/Qty'

2019-05-15 16:11:30 - [MESSAGE][PASSED] - Text '10' is set on object 'Object Repository/1 In/1-2 Purchase/Add/Qty'

2019-05-15 16:11:30 - [TEST_STEP][PASSED] - setText(findTestObject("1 In/1-2 Purchase/Add/Price"), "200"): Text '200' is set on object 'Object Repository/1 In/1-2 Purchase/Add/Price'

2019-05-15 16:11:31 - [MESSAGE][PASSED] - Text '200' is set on object 'Object Repository/1 In/1-2 Purchase/Add/Price'

2019-05-15 16:11:31 - [TEST_STEP][PASSED] - setText(findTestObject("1 In/1-2 Purchase/Add/Total price"), "2000"): Text '2000' is set on object 'Object Repository/1 In/1-2 Purchase/Add/Total price'

2019-05-15 16:11:31 - [MESSAGE][PASSED] - Text '2000' is set on object 'Object Repository/1 In/1-2 Purchase/Add/Total price'

2019-05-15 16:11:31 - [TEST_STEP][PASSED] - click(findTestObject("1 In/1-2 Purchase/Add/Warehouse button")): Object: 'Object Repository/1 In/1-2 Purchase/Add/Warehouse button' is clicked on

2019-05-15 16:11:31 - [MESSAGE][PASSED] - Object: 'Object Repository/1 In/1-2 Purchase/Add/Warehouse button' is clicked on

2019-05-15 16:11:31 - [TEST_STEP][PASSED] - click(findTestObject("1 In/1-2 Purchase/Add/Warehouse 111")): Object: 'Object Repository/1 In/1-2 Purchase/Add/Warehouse 111' is clicked on

2019-05-15 16:11:31 - [MESSAGE][PASSED] - Object: 'Object Repository/1 In/1-2 Purchase/Add/Warehouse 111' is clicked on

2019-05-15 16:11:31 - [TEST_STEP][PASSED] - click(findTestObject("1 In/1-2 Purchase/Add/Save")): Object: 'Object Repository/1 In/1-2 Purchase/Add/Save' is clicked on

2019-05-15 16:11:31 - [MESSAGE][PASSED] - Object: 'Object Repository/1 In/1-2 Purchase/Add/Save' is clicked on]]></system-out>
         <system-err><![CDATA[]]></system-err>
      </testcase>
      <testcase name="Test Cases/Others/Accept and verify" classname="Test Cases/Others/Accept and verify" status="PASSED">
         <system-out><![CDATA[2019-05-15 16:11:31 - [TEST_CASE][PASSED] - Test Cases/Others/Accept and verify: Test Cases/Others/Accept and verify

2019-05-15 16:11:32 - [TEST_STEP][PASSED] - delay(3): Delayed 3 second(s)

2019-05-15 16:11:35 - [MESSAGE][PASSED] - Delayed 3 second(s)

2019-05-15 16:11:35 - [TEST_STEP][PASSED] - waitForAlert(5): Alert is present after 5 second(s).

2019-05-15 16:11:35 - [MESSAGE][PASSED] - Alert is present after 5 second(s).

2019-05-15 16:11:35 - [TEST_STEP][PASSED] - acceptAlert(): Alert accepted

2019-05-15 16:11:35 - [MESSAGE][PASSED] - Alert accepted

2019-05-15 16:11:35 - [TEST_STEP][PASSED] - verifyElementClickable(findTestObject("Others/Accept and verify/Verify button")): Object 'Object Repository/Others/Accept and verify/Verify button' is clickable

2019-05-15 16:11:35 - [MESSAGE][PASSED] - Object 'Object Repository/Others/Accept and verify/Verify button' is clickable]]></system-out>
         <system-err><![CDATA[]]></system-err>
      </testcase>
      <testcase name="Test Cases/1 In/1-2 Purchase/1-2 Purchase-Edit" classname="Test Cases/1 In/1-2 Purchase/1-2 Purchase-Edit" status="PASSED">
         <system-out><![CDATA[2019-05-15 16:11:35 - [TEST_CASE][PASSED] - Test Cases/1 In/1-2 Purchase/1-2 Purchase-Edit: Test Cases/1 In/1-2 Purchase/1-2 Purchase-Edit

2019-05-15 16:11:35 - [TEST_STEP][PASSED] - delay(3): Delayed 3 second(s)

2019-05-15 16:11:38 - [MESSAGE][PASSED] - Delayed 3 second(s)

2019-05-15 16:11:38 - [TEST_STEP][PASSED] - click(findTestObject("Object Repository/1 In/1-2 Purchase/Edit/Sort button by no")): Object: 'Object Repository/1 In/1-2 Purchase/Edit/Sort button by no' is clicked on

2019-05-15 16:11:38 - [MESSAGE][PASSED] - Object: 'Object Repository/1 In/1-2 Purchase/Edit/Sort button by no' is clicked on

2019-05-15 16:11:38 - [TEST_STEP][PASSED] - click(findTestObject("Object Repository/1 In/1-2 Purchase/Edit/Sort button by no")): Object: 'Object Repository/1 In/1-2 Purchase/Edit/Sort button by no' is clicked on

2019-05-15 16:11:38 - [MESSAGE][PASSED] - Object: 'Object Repository/1 In/1-2 Purchase/Edit/Sort button by no' is clicked on

2019-05-15 16:11:38 - [TEST_STEP][PASSED] - XXX = Time: null

2019-05-15 16:11:38 - [TEST_STEP][PASSED] - click(findTestObject("Object Repository/1 In/1-2 Purchase/Edit/Select Purchase by note", ["xxx":XXX])): Object: 'Object Repository/1 In/1-2 Purchase/Edit/Select Purchase by note' is clicked on

2019-05-15 16:11:38 - [MESSAGE][PASSED] - Object: 'Object Repository/1 In/1-2 Purchase/Edit/Select Purchase by note' is clicked on

2019-05-15 16:11:38 - [TEST_STEP][PASSED] - click(findTestObject("Object Repository/1 In/1-2 Purchase/Edit/Edit button")): Object: 'Object Repository/1 In/1-2 Purchase/Edit/Edit button' is clicked on

2019-05-15 16:11:38 - [MESSAGE][PASSED] - Object: 'Object Repository/1 In/1-2 Purchase/Edit/Edit button' is clicked on

2019-05-15 16:11:38 - [TEST_STEP][PASSED] - click(findTestObject("Object Repository/1 In/1-2 Purchase/Edit/Add item button")): Object: 'Object Repository/1 In/1-2 Purchase/Edit/Add item button' is clicked on

2019-05-15 16:11:38 - [MESSAGE][PASSED] - Object: 'Object Repository/1 In/1-2 Purchase/Edit/Add item button' is clicked on

2019-05-15 16:11:38 - [TEST_STEP][PASSED] - click(findTestObject("Object Repository/1 In/1-2 Purchase/Edit/Number button")): Object: 'Object Repository/1 In/1-2 Purchase/Edit/Number button' is clicked on

2019-05-15 16:11:39 - [MESSAGE][PASSED] - Object: 'Object Repository/1 In/1-2 Purchase/Edit/Number button' is clicked on

2019-05-15 16:11:39 - [TEST_STEP][PASSED] - setText(findTestObject("Object Repository/1 In/1-2 Purchase/Edit/Number text"), "5"): Text '5' is set on object 'Object Repository/1 In/1-2 Purchase/Edit/Number text'

2019-05-15 16:11:39 - [MESSAGE][PASSED] - Text '5' is set on object 'Object Repository/1 In/1-2 Purchase/Edit/Number text'

2019-05-15 16:11:39 - [TEST_STEP][PASSED] - click(findTestObject("Object Repository/1 In/1-2 Purchase/Edit/Total price button")): Object: 'Object Repository/1 In/1-2 Purchase/Edit/Total price button' is clicked on

2019-05-15 16:11:39 - [MESSAGE][PASSED] - Object: 'Object Repository/1 In/1-2 Purchase/Edit/Total price button' is clicked on

2019-05-15 16:11:39 - [TEST_STEP][PASSED] - setText(findTestObject("Object Repository/1 In/1-2 Purchase/Edit/Number text"), "5"): Text '5' is set on object 'Object Repository/1 In/1-2 Purchase/Edit/Number text'

2019-05-15 16:11:39 - [MESSAGE][PASSED] - Text '5' is set on object 'Object Repository/1 In/1-2 Purchase/Edit/Number text'

2019-05-15 16:11:39 - [TEST_STEP][PASSED] - click(findTestObject("Object Repository/1 In/1-2 Purchase/Edit/Warehouse button")): Object: 'Object Repository/1 In/1-2 Purchase/Edit/Warehouse button' is clicked on

2019-05-15 16:11:39 - [MESSAGE][PASSED] - Object: 'Object Repository/1 In/1-2 Purchase/Edit/Warehouse button' is clicked on

2019-05-15 16:11:39 - [TEST_STEP][PASSED] - delay(1): Delayed 1 second(s)

2019-05-15 16:11:40 - [MESSAGE][PASSED] - Delayed 1 second(s)

2019-05-15 16:11:40 - [TEST_STEP][PASSED] - click(findTestObject("Object Repository/1 In/1-2 Purchase/Edit/Warehouse 111")): Object: 'Object Repository/1 In/1-2 Purchase/Edit/Warehouse 111' is clicked on

2019-05-15 16:11:41 - [MESSAGE][PASSED] - Object: 'Object Repository/1 In/1-2 Purchase/Edit/Warehouse 111' is clicked on

2019-05-15 16:11:41 - [TEST_STEP][PASSED] - delay(1): Delayed 1 second(s)

2019-05-15 16:11:42 - [MESSAGE][PASSED] - Delayed 1 second(s)

2019-05-15 16:11:42 - [TEST_STEP][PASSED] - click(findTestObject("Object Repository/1 In/1-2 Purchase/Edit/Warehouse button")): Object: 'Object Repository/1 In/1-2 Purchase/Edit/Warehouse button' is clicked on

2019-05-15 16:11:42 - [MESSAGE][PASSED] - Object: 'Object Repository/1 In/1-2 Purchase/Edit/Warehouse button' is clicked on

2019-05-15 16:11:42 - [TEST_STEP][PASSED] - delay(1): Delayed 1 second(s)

2019-05-15 16:11:43 - [MESSAGE][PASSED] - Delayed 1 second(s)

2019-05-15 16:11:43 - [TEST_STEP][PASSED] - click(findTestObject("Object Repository/1 In/1-2 Purchase/Edit/Warehouse 111")): Object: 'Object Repository/1 In/1-2 Purchase/Edit/Warehouse 111' is clicked on

2019-05-15 16:11:43 - [MESSAGE][PASSED] - Object: 'Object Repository/1 In/1-2 Purchase/Edit/Warehouse 111' is clicked on

2019-05-15 16:11:43 - [TEST_STEP][PASSED] - delay(1): Delayed 1 second(s)

2019-05-15 16:11:44 - [MESSAGE][PASSED] - Delayed 1 second(s)

2019-05-15 16:11:44 - [TEST_STEP][PASSED] - click(findTestObject("Object Repository/1 In/1-2 Purchase/Edit/Save button")): Object: 'Object Repository/1 In/1-2 Purchase/Edit/Save button' is clicked on

2019-05-15 16:11:44 - [MESSAGE][PASSED] - Object: 'Object Repository/1 In/1-2 Purchase/Edit/Save button' is clicked on]]></system-out>
         <system-err><![CDATA[]]></system-err>
      </testcase>
      <testcase name="Test Cases/Others/Accept and verify" classname="Test Cases/Others/Accept and verify" status="FAILED">
         <failure type="FAILED" message="Test Cases/Others/Accept and verify FAILED.
Reason:
com.kms.katalon.core.exception.StepFailedException: Unable to accept alert (Root cause: com.kms.katalon.core.exception.StepFailedException: No alert found)
	at com.kms.katalon.core.keyword.internal.KeywordMain.stepFailed(KeywordMain.groovy:36)
	at com.kms.katalon.core.webui.keyword.internal.WebUIKeywordMain.stepFailed(WebUIKeywordMain.groovy:65)
	at com.kms.katalon.core.webui.keyword.internal.WebUIKeywordMain.runKeyword(WebUIKeywordMain.groovy:27)
	at com.kms.katalon.core.webui.keyword.builtin.AcceptAlertKeyword.acceptAlert(AcceptAlertKeyword.groovy:71)
	at com.kms.katalon.core.webui.keyword.builtin.AcceptAlertKeyword.execute(AcceptAlertKeyword.groovy:66)
	at com.kms.katalon.core.keyword.internal.KeywordExecutor.executeKeywordForPlatform(KeywordExecutor.groovy:53)
	at com.kms.katalon.core.webui.keyword.WebUiBuiltInKeywords.acceptAlert(WebUiBuiltInKeywords.groovy:1492)
	at com.kms.katalon.core.webui.keyword.WebUiBuiltInKeywords$acceptAlert$8.call(Unknown Source)
	at Accept and verify.run(Accept and verify:20)
	at com.kms.katalon.core.main.ScriptEngine.run(ScriptEngine.java:194)
	at com.kms.katalon.core.main.ScriptEngine.runScriptAsRawText(ScriptEngine.java:119)
	at com.kms.katalon.core.main.TestCaseExecutor.runScript(TestCaseExecutor.java:328)
	at com.kms.katalon.core.main.TestCaseExecutor.doExecute(TestCaseExecutor.java:319)
	at com.kms.katalon.core.main.TestCaseExecutor.processExecutionPhase(TestCaseExecutor.java:298)
	at com.kms.katalon.core.main.TestCaseExecutor.accessMainPhase(TestCaseExecutor.java:290)
	at com.kms.katalon.core.main.TestCaseExecutor.execute(TestCaseExecutor.java:224)
	at com.kms.katalon.core.main.TestSuiteExecutor.accessTestCaseMainPhase(TestSuiteExecutor.java:129)
	at com.kms.katalon.core.main.TestSuiteExecutor.accessTestSuiteMainPhase(TestSuiteExecutor.java:112)
	at com.kms.katalon.core.main.TestSuiteExecutor.execute(TestSuiteExecutor.java:81)
	at com.kms.katalon.core.main.TestCaseMain.startTestSuite(TestCaseMain.java:149)
	at com.kms.katalon.core.main.TestCaseMain$startTestSuite$0.call(Unknown Source)
	at TempTestSuite1557907869984.run(TempTestSuite1557907869984.groovy:36)
"/>
         <system-out><![CDATA[2019-05-15 16:11:44 - [TEST_CASE][FAILED] - Test Cases/Others/Accept and verify: Test Cases/Others/Accept and verify FAILED.
Reason:
com.kms.katalon.core.exception.StepFailedException: Unable to accept alert (Root cause: com.kms.katalon.core.exception.StepFailedException: No alert found)
	at com.kms.katalon.core.keyword.internal.KeywordMain.stepFailed(KeywordMain.groovy:36)
	at com.kms.katalon.core.webui.keyword.internal.WebUIKeywordMain.stepFailed(WebUIKeywordMain.groovy:65)
	at com.kms.katalon.core.webui.keyword.internal.WebUIKeywordMain.runKeyword(WebUIKeywordMain.groovy:27)
	at com.kms.katalon.core.webui.keyword.builtin.AcceptAlertKeyword.acceptAlert(AcceptAlertKeyword.groovy:71)
	at com.kms.katalon.core.webui.keyword.builtin.AcceptAlertKeyword.execute(AcceptAlertKeyword.groovy:66)
	at com.kms.katalon.core.keyword.internal.KeywordExecutor.executeKeywordForPlatform(KeywordExecutor.groovy:53)
	at com.kms.katalon.core.webui.keyword.WebUiBuiltInKeywords.acceptAlert(WebUiBuiltInKeywords.groovy:1492)
	at com.kms.katalon.core.webui.keyword.WebUiBuiltInKeywords$acceptAlert$8.call(Unknown Source)
	at Accept and verify.run(Accept and verify:20)
	at com.kms.katalon.core.main.ScriptEngine.run(ScriptEngine.java:194)
	at com.kms.katalon.core.main.ScriptEngine.runScriptAsRawText(ScriptEngine.java:119)
	at com.kms.katalon.core.main.TestCaseExecutor.runScript(TestCaseExecutor.java:328)
	at com.kms.katalon.core.main.TestCaseExecutor.doExecute(TestCaseExecutor.java:319)
	at com.kms.katalon.core.main.TestCaseExecutor.processExecutionPhase(TestCaseExecutor.java:298)
	at com.kms.katalon.core.main.TestCaseExecutor.accessMainPhase(TestCaseExecutor.java:290)
	at com.kms.katalon.core.main.TestCaseExecutor.execute(TestCaseExecutor.java:224)
	at com.kms.katalon.core.main.TestSuiteExecutor.accessTestCaseMainPhase(TestSuiteExecutor.java:129)
	at com.kms.katalon.core.main.TestSuiteExecutor.accessTestSuiteMainPhase(TestSuiteExecutor.java:112)
	at com.kms.katalon.core.main.TestSuiteExecutor.execute(TestSuiteExecutor.java:81)
	at com.kms.katalon.core.main.TestCaseMain.startTestSuite(TestCaseMain.java:149)
	at com.kms.katalon.core.main.TestCaseMain$startTestSuite$0.call(Unknown Source)
	at TempTestSuite1557907869984.run(TempTestSuite1557907869984.groovy:36)


2019-05-15 16:11:44 - [TEST_STEP][PASSED] - delay(3): Delayed 3 second(s)

2019-05-15 16:11:47 - [MESSAGE][PASSED] - Delayed 3 second(s)

2019-05-15 16:11:47 - [TEST_STEP][PASSED] - waitForAlert(5): No alert found after 5 second(s).

2019-05-15 16:11:52 - [MESSAGE][WARNING] - No alert found after 5 second(s).

2019-05-15 16:11:52 - [TEST_STEP][FAILED] - acceptAlert(): acceptAlert() FAILED.
Reason:
com.kms.katalon.core.exception.StepFailedException: Unable to accept alert (Root cause: com.kms.katalon.core.exception.StepFailedException: No alert found)
	at com.kms.katalon.core.keyword.internal.KeywordMain.stepFailed(KeywordMain.groovy:36)
	at com.kms.katalon.core.webui.keyword.internal.WebUIKeywordMain.stepFailed(WebUIKeywordMain.groovy:65)
	at com.kms.katalon.core.webui.keyword.internal.WebUIKeywordMain.runKeyword(WebUIKeywordMain.groovy:27)
	at com.kms.katalon.core.webui.keyword.builtin.AcceptAlertKeyword.acceptAlert(AcceptAlertKeyword.groovy:71)
	at com.kms.katalon.core.webui.keyword.builtin.AcceptAlertKeyword.execute(AcceptAlertKeyword.groovy:66)
	at com.kms.katalon.core.keyword.internal.KeywordExecutor.executeKeywordForPlatform(KeywordExecutor.groovy:53)
	at com.kms.katalon.core.webui.keyword.WebUiBuiltInKeywords.acceptAlert(WebUiBuiltInKeywords.groovy:1492)
	at com.kms.katalon.core.webui.keyword.WebUiBuiltInKeywords$acceptAlert$8.call(Unknown Source)
	at Accept and verify.run(Accept and verify:20)
	at com.kms.katalon.core.main.ScriptEngine.run(ScriptEngine.java:194)
	at com.kms.katalon.core.main.ScriptEngine.runScriptAsRawText(ScriptEngine.java:119)
	at com.kms.katalon.core.main.TestCaseExecutor.runScript(TestCaseExecutor.java:328)
	at com.kms.katalon.core.main.TestCaseExecutor.doExecute(TestCaseExecutor.java:319)
	at com.kms.katalon.core.main.TestCaseExecutor.processExecutionPhase(TestCaseExecutor.java:298)
	at com.kms.katalon.core.main.TestCaseExecutor.accessMainPhase(TestCaseExecutor.java:290)
	at com.kms.katalon.core.main.TestCaseExecutor.execute(TestCaseExecutor.java:224)
	at com.kms.katalon.core.main.TestSuiteExecutor.accessTestCaseMainPhase(TestSuiteExecutor.java:129)
	at com.kms.katalon.core.main.TestSuiteExecutor.accessTestSuiteMainPhase(TestSuiteExecutor.java:112)
	at com.kms.katalon.core.main.TestSuiteExecutor.execute(TestSuiteExecutor.java:81)
	at com.kms.katalon.core.main.TestCaseMain.startTestSuite(TestCaseMain.java:149)
	at com.kms.katalon.core.main.TestCaseMain$startTestSuite$0.call(Unknown Source)
	at TempTestSuite1557907869984.run(TempTestSuite1557907869984.groovy:36)


2019-05-15 16:11:52 - [MESSAGE][FAILED] - No alert found
[[ATTACHMENT|C:\\Users\\KennyIC_chen.COMPAL\\git\\PSItest\\Reports\\1-2 Purchase Test Suite\\20190515_161109\\1557907912388.png]]

2019-05-15 16:11:53 - [MESSAGE][FAILED] - Unable to accept alert (Root cause: com.kms.katalon.core.exception.StepFailedException: No alert found)
[[ATTACHMENT|C:\\Users\\KennyIC_chen.COMPAL\\git\\PSItest\\Reports\\1-2 Purchase Test Suite\\20190515_161109\\1557907912923.png]]

2019-05-15 16:11:53 - [MESSAGE][FAILED] - acceptAlert() FAILED.
Reason:
com.kms.katalon.core.exception.StepFailedException: Unable to accept alert (Root cause: com.kms.katalon.core.exception.StepFailedException: No alert found)
	at com.kms.katalon.core.keyword.internal.KeywordMain.stepFailed(KeywordMain.groovy:36)
	at com.kms.katalon.core.webui.keyword.internal.WebUIKeywordMain.stepFailed(WebUIKeywordMain.groovy:65)
	at com.kms.katalon.core.webui.keyword.internal.WebUIKeywordMain.runKeyword(WebUIKeywordMain.groovy:27)
	at com.kms.katalon.core.webui.keyword.builtin.AcceptAlertKeyword.acceptAlert(AcceptAlertKeyword.groovy:71)
	at com.kms.katalon.core.webui.keyword.builtin.AcceptAlertKeyword.execute(AcceptAlertKeyword.groovy:66)
	at com.kms.katalon.core.keyword.internal.KeywordExecutor.executeKeywordForPlatform(KeywordExecutor.groovy:53)
	at com.kms.katalon.core.webui.keyword.WebUiBuiltInKeywords.acceptAlert(WebUiBuiltInKeywords.groovy:1492)
	at com.kms.katalon.core.webui.keyword.WebUiBuiltInKeywords$acceptAlert$8.call(Unknown Source)
	at Accept and verify.run(Accept and verify:20)
	at com.kms.katalon.core.main.ScriptEngine.run(ScriptEngine.java:194)
	at com.kms.katalon.core.main.ScriptEngine.runScriptAsRawText(ScriptEngine.java:119)
	at com.kms.katalon.core.main.TestCaseExecutor.runScript(TestCaseExecutor.java:328)
	at com.kms.katalon.core.main.TestCaseExecutor.doExecute(TestCaseExecutor.java:319)
	at com.kms.katalon.core.main.TestCaseExecutor.processExecutionPhase(TestCaseExecutor.java:298)
	at com.kms.katalon.core.main.TestCaseExecutor.accessMainPhase(TestCaseExecutor.java:290)
	at com.kms.katalon.core.main.TestCaseExecutor.execute(TestCaseExecutor.java:224)
	at com.kms.katalon.core.main.TestSuiteExecutor.accessTestCaseMainPhase(TestSuiteExecutor.java:129)
	at com.kms.katalon.core.main.TestSuiteExecutor.accessTestSuiteMainPhase(TestSuiteExecutor.java:112)
	at com.kms.katalon.core.main.TestSuiteExecutor.execute(TestSuiteExecutor.java:81)
	at com.kms.katalon.core.main.TestCaseMain.startTestSuite(TestCaseMain.java:149)
	at com.kms.katalon.core.main.TestCaseMain$startTestSuite$0.call(Unknown Source)
	at TempTestSuite1557907869984.run(TempTestSuite1557907869984.groovy:36)]]></system-out>
         <system-err><![CDATA[2019-05-15 16:11:44 - [TEST_CASE][FAILED] - Test Cases/Others/Accept and verify: Test Cases/Others/Accept and verify FAILED.
Reason:
com.kms.katalon.core.exception.StepFailedException: Unable to accept alert (Root cause: com.kms.katalon.core.exception.StepFailedException: No alert found)
	at com.kms.katalon.core.keyword.internal.KeywordMain.stepFailed(KeywordMain.groovy:36)
	at com.kms.katalon.core.webui.keyword.internal.WebUIKeywordMain.stepFailed(WebUIKeywordMain.groovy:65)
	at com.kms.katalon.core.webui.keyword.internal.WebUIKeywordMain.runKeyword(WebUIKeywordMain.groovy:27)
	at com.kms.katalon.core.webui.keyword.builtin.AcceptAlertKeyword.acceptAlert(AcceptAlertKeyword.groovy:71)
	at com.kms.katalon.core.webui.keyword.builtin.AcceptAlertKeyword.execute(AcceptAlertKeyword.groovy:66)
	at com.kms.katalon.core.keyword.internal.KeywordExecutor.executeKeywordForPlatform(KeywordExecutor.groovy:53)
	at com.kms.katalon.core.webui.keyword.WebUiBuiltInKeywords.acceptAlert(WebUiBuiltInKeywords.groovy:1492)
	at com.kms.katalon.core.webui.keyword.WebUiBuiltInKeywords$acceptAlert$8.call(Unknown Source)
	at Accept and verify.run(Accept and verify:20)
	at com.kms.katalon.core.main.ScriptEngine.run(ScriptEngine.java:194)
	at com.kms.katalon.core.main.ScriptEngine.runScriptAsRawText(ScriptEngine.java:119)
	at com.kms.katalon.core.main.TestCaseExecutor.runScript(TestCaseExecutor.java:328)
	at com.kms.katalon.core.main.TestCaseExecutor.doExecute(TestCaseExecutor.java:319)
	at com.kms.katalon.core.main.TestCaseExecutor.processExecutionPhase(TestCaseExecutor.java:298)
	at com.kms.katalon.core.main.TestCaseExecutor.accessMainPhase(TestCaseExecutor.java:290)
	at com.kms.katalon.core.main.TestCaseExecutor.execute(TestCaseExecutor.java:224)
	at com.kms.katalon.core.main.TestSuiteExecutor.accessTestCaseMainPhase(TestSuiteExecutor.java:129)
	at com.kms.katalon.core.main.TestSuiteExecutor.accessTestSuiteMainPhase(TestSuiteExecutor.java:112)
	at com.kms.katalon.core.main.TestSuiteExecutor.execute(TestSuiteExecutor.java:81)
	at com.kms.katalon.core.main.TestCaseMain.startTestSuite(TestCaseMain.java:149)
	at com.kms.katalon.core.main.TestCaseMain$startTestSuite$0.call(Unknown Source)
	at TempTestSuite1557907869984.run(TempTestSuite1557907869984.groovy:36)]]></system-err>
      </testcase>
      <system-out><![CDATA[2019-05-15 16:11:11 - [TEST_SUITE][FAILED] - 1-2 Purchase Test Suite: Test Cases/Others/Accept and verify FAILED.
Reason:
com.kms.katalon.core.exception.StepFailedException: Unable to accept alert (Root cause: com.kms.katalon.core.exception.StepFailedException: No alert found)
	at com.kms.katalon.core.keyword.internal.KeywordMain.stepFailed(KeywordMain.groovy:36)
	at com.kms.katalon.core.webui.keyword.internal.WebUIKeywordMain.stepFailed(WebUIKeywordMain.groovy:65)
	at com.kms.katalon.core.webui.keyword.internal.WebUIKeywordMain.runKeyword(WebUIKeywordMain.groovy:27)
	at com.kms.katalon.core.webui.keyword.builtin.AcceptAlertKeyword.acceptAlert(AcceptAlertKeyword.groovy:71)
	at com.kms.katalon.core.webui.keyword.builtin.AcceptAlertKeyword.execute(AcceptAlertKeyword.groovy:66)
	at com.kms.katalon.core.keyword.internal.KeywordExecutor.executeKeywordForPlatform(KeywordExecutor.groovy:53)
	at com.kms.katalon.core.webui.keyword.WebUiBuiltInKeywords.acceptAlert(WebUiBuiltInKeywords.groovy:1492)
	at com.kms.katalon.core.webui.keyword.WebUiBuiltInKeywords$acceptAlert$8.call(Unknown Source)
	at Accept and verify.run(Accept and verify:20)
	at com.kms.katalon.core.main.ScriptEngine.run(ScriptEngine.java:194)
	at com.kms.katalon.core.main.ScriptEngine.runScriptAsRawText(ScriptEngine.java:119)
	at com.kms.katalon.core.main.TestCaseExecutor.runScript(TestCaseExecutor.java:328)
	at com.kms.katalon.core.main.TestCaseExecutor.doExecute(TestCaseExecutor.java:319)
	at com.kms.katalon.core.main.TestCaseExecutor.processExecutionPhase(TestCaseExecutor.java:298)
	at com.kms.katalon.core.main.TestCaseExecutor.accessMainPhase(TestCaseExecutor.java:290)
	at com.kms.katalon.core.main.TestCaseExecutor.execute(TestCaseExecutor.java:224)
	at com.kms.katalon.core.main.TestSuiteExecutor.accessTestCaseMainPhase(TestSuiteExecutor.java:129)
	at com.kms.katalon.core.main.TestSuiteExecutor.accessTestSuiteMainPhase(TestSuiteExecutor.java:112)
	at com.kms.katalon.core.main.TestSuiteExecutor.execute(TestSuiteExecutor.java:81)
	at com.kms.katalon.core.main.TestCaseMain.startTestSuite(TestCaseMain.java:149)
	at com.kms.katalon.core.main.TestCaseMain$startTestSuite$0.call(Unknown Source)
	at TempTestSuite1557907869984.run(TempTestSuite1557907869984.groovy:36)]]></system-out>
      <system-err><![CDATA[2019-05-15 16:11:11 - [TEST_SUITE][FAILED] - 1-2 Purchase Test Suite: Test Cases/Others/Accept and verify FAILED.
Reason:
com.kms.katalon.core.exception.StepFailedException: Unable to accept alert (Root cause: com.kms.katalon.core.exception.StepFailedException: No alert found)
	at com.kms.katalon.core.keyword.internal.KeywordMain.stepFailed(KeywordMain.groovy:36)
	at com.kms.katalon.core.webui.keyword.internal.WebUIKeywordMain.stepFailed(WebUIKeywordMain.groovy:65)
	at com.kms.katalon.core.webui.keyword.internal.WebUIKeywordMain.runKeyword(WebUIKeywordMain.groovy:27)
	at com.kms.katalon.core.webui.keyword.builtin.AcceptAlertKeyword.acceptAlert(AcceptAlertKeyword.groovy:71)
	at com.kms.katalon.core.webui.keyword.builtin.AcceptAlertKeyword.execute(AcceptAlertKeyword.groovy:66)
	at com.kms.katalon.core.keyword.internal.KeywordExecutor.executeKeywordForPlatform(KeywordExecutor.groovy:53)
	at com.kms.katalon.core.webui.keyword.WebUiBuiltInKeywords.acceptAlert(WebUiBuiltInKeywords.groovy:1492)
	at com.kms.katalon.core.webui.keyword.WebUiBuiltInKeywords$acceptAlert$8.call(Unknown Source)
	at Accept and verify.run(Accept and verify:20)
	at com.kms.katalon.core.main.ScriptEngine.run(ScriptEngine.java:194)
	at com.kms.katalon.core.main.ScriptEngine.runScriptAsRawText(ScriptEngine.java:119)
	at com.kms.katalon.core.main.TestCaseExecutor.runScript(TestCaseExecutor.java:328)
	at com.kms.katalon.core.main.TestCaseExecutor.doExecute(TestCaseExecutor.java:319)
	at com.kms.katalon.core.main.TestCaseExecutor.processExecutionPhase(TestCaseExecutor.java:298)
	at com.kms.katalon.core.main.TestCaseExecutor.accessMainPhase(TestCaseExecutor.java:290)
	at com.kms.katalon.core.main.TestCaseExecutor.execute(TestCaseExecutor.java:224)
	at com.kms.katalon.core.main.TestSuiteExecutor.accessTestCaseMainPhase(TestSuiteExecutor.java:129)
	at com.kms.katalon.core.main.TestSuiteExecutor.accessTestSuiteMainPhase(TestSuiteExecutor.java:112)
	at com.kms.katalon.core.main.TestSuiteExecutor.execute(TestSuiteExecutor.java:81)
	at com.kms.katalon.core.main.TestCaseMain.startTestSuite(TestCaseMain.java:149)
	at com.kms.katalon.core.main.TestCaseMain$startTestSuite$0.call(Unknown Source)
	at TempTestSuite1557907869984.run(TempTestSuite1557907869984.groovy:36)]]></system-err>
   </testsuite>
</testsuites>
